2018-05-06 14:06:09 +0000  Initial pipeline context: <IDEDistributionProcessingPipelineContext: 0x7faada290d80; archive(resolved)='<IDEArchive: 0x7faada4bb540>', distributionTask(resolved)='0', distributionMethod(resolved)='<IDEDistributionMethodiOSAppStoreValidation: 0x7faad94ef900>', team(resolved)='<IDEProvisioningBasicTeam: 0x7faada103110; teamID='276VJ8KHTM', teamName='Nanosoft Tech Ltd'>'>
	Chain (11, self inclusive):
	<IDEDistributionProcessingPipelineContext: 0x7faada290d80; archive = '<IDEArchive: 0x7faada4bb540>', distributionMethod='<IDEDistributionMethodiOSAppStoreValidation: 0x7faad94ef900>', team='<IDEProvisioningBasicTeam: 0x7faada103110; teamID='276VJ8KHTM', teamName='Nanosoft Tech Ltd'>'>
	<IDEDistributionProcessingPipelineContext: 0x7faada1b9800; archive = '<IDEArchive: 0x7faada4bb540>', distributionMethod='<IDEDistributionMethodiOSAppStoreValidation: 0x7faad94ef900>', team='<IDEProvisioningBasicTeam: 0x7faada103110; teamID='276VJ8KHTM', teamName='Nanosoft Tech Ltd'>'>
	<IDEDistributionContext: 0x7faada4ce390; archive = '<IDEArchive: 0x7faada4bb540>', distributionMethod='<IDEDistributionMethodiOSAppStoreValidation: 0x7faad94ef900>', team='<IDEProvisioningBasicTeam: 0x7faada103110; teamID='276VJ8KHTM', teamName='Nanosoft Tech Ltd'>'>
	<IDEDistributionContext: 0x7faada1c1db0; archive = '<IDEArchive: 0x7faada4bb540>', distributionMethod='<IDEDistributionMethodiOSAppStoreValidation: 0x7faad94ef900>', team='<IDEProvisioningBasicTeam: 0x7faada103110; teamID='276VJ8KHTM', teamName='Nanosoft Tech Ltd'>'>
	<IDEDistributionContext: 0x7faada117b20; archive = '<IDEArchive: 0x7faada4bb540>', distributionMethod='<IDEDistributionMethodiOSAppStoreValidation: 0x7faad94ef900>', team='<IDEProvisioningBasicTeam: 0x7faada103110; teamID='276VJ8KHTM', teamName='Nanosoft Tech Ltd'>'>
	<IDEDistributionContext: 0x7faada3db960; archive = '<IDEArchive: 0x7faada4bb540>', distributionMethod='<IDEDistributionMethodiOSAppStoreValidation: 0x7faad94ef900>', team='<IDEProvisioningBasicTeam: 0x7faada103110; teamID='276VJ8KHTM', teamName='Nanosoft Tech Ltd'>'>
	<IDEDistributionContext: 0x7faada1e4c70; archive = '<IDEArchive: 0x7faada4bb540>', distributionMethod='<IDEDistributionMethodiOSAppStoreValidation: 0x7faad94ef900>', team='<IDEProvisioningBasicTeam: 0x7faada103110; teamID='276VJ8KHTM', teamName='Nanosoft Tech Ltd'>'>
	<IDEDistributionContext: 0x7faada4fbf40; archive = '<IDEArchive: 0x7faada4bb540>', distributionMethod='<IDEDistributionMethodiOSAppStoreValidation: 0x7faad94ef900>', team='<IDEProvisioningBasicTeam: 0x7faada103110; teamID='276VJ8KHTM', teamName='Nanosoft Tech Ltd'>'>
	<IDEDistributionContext: 0x7faada4179e0; archive = '<IDEArchive: 0x7faada4bb540>', distributionMethod='<IDEDistributionMethodiOSAppStoreValidation: 0x7faad94ef900>', team='<IDEProvisioningBasicTeam: 0x7faada103110; teamID='276VJ8KHTM', teamName='Nanosoft Tech Ltd'>'>
	<IDEDistributionContext: 0x7faada325d90; archive = '<IDEArchive: 0x7faada4bb540>', distributionMethod='<IDEDistributionMethodiOSAppStoreValidation: 0x7faad94ef900>', team='<IDEProvisioningBasicTeam: 0x7faada103110; teamID='276VJ8KHTM', teamName='Nanosoft Tech Ltd'>'>
	<IDEDistributionContext: 0x7faada54ca10; archive = '<IDEArchive: 0x7faada4bb540>', distributionMethod='(null)', team='(null)'>
</IDEDistributionProcessingPipelineContext: 0x7faada290d80>
2018-05-06 14:06:09 +0000  Processing step: IDEDistributionCreateDestRootStep
2018-05-06 14:06:09 +0000  Processing step: IDEDistributionCopyItemStep
2018-05-06 14:06:09 +0000  Running /usr/bin/ditto '-V' '/Users/istiaquechoudhury/Library/Developer/Xcode/Archives/2018-05-06/Vujon Indian Takeaway 06-05-2018, 15.05.xcarchive/Products/Applications/Vujon Indian Takeaway.app' '/var/folders/v3/zhz1gpr11999xcnbs7dszcph0000gn/T/XcodeDistPipeline.hDk/Root/Payload/Vujon Indian Takeaway.app'
2018-05-06 14:06:09 +0000  >>> Copying /Users/istiaquechoudhury/Library/Developer/Xcode/Archives/2018-05-06/Vujon Indian Takeaway 06-05-2018, 15.05.xcarchive/Products/Applications/Vujon Indian Takeaway.app 
2018-05-06 14:06:09 +0000  copying file ./_CodeSignature/CodeResources ... 
2018-05-06 14:06:09 +0000  9199 bytes for ./_CodeSignature/CodeResources
2018-05-06 14:06:09 +0000  copying file ./AppIcon60x60@2x.png ... 
2018-05-06 14:06:09 +0000  8489 bytes for ./AppIcon60x60@2x.png
copying file ./AppIcon76x76@2x~ipad.png ... 
2018-05-06 14:06:09 +0000  10498 bytes for ./AppIcon76x76@2x~ipad.png
copying file ./Assets.car ... 
2018-05-06 14:06:09 +0000  444008 bytes for ./Assets.car
2018-05-06 14:06:09 +0000  copying file ./Base.lproj/LaunchScreen.storyboardc/01J-lp-oVM-view-Ze5-6b-2t3.nib ... 
2018-05-06 14:06:09 +0000  1136 bytes for ./Base.lproj/LaunchScreen.storyboardc/01J-lp-oVM-view-Ze5-6b-2t3.nib
copying file ./Base.lproj/LaunchScreen.storyboardc/Info.plist ... 
2018-05-06 14:06:09 +0000  258 bytes for ./Base.lproj/LaunchScreen.storyboardc/Info.plist
copying file ./Base.lproj/LaunchScreen.storyboardc/UIViewController-01J-lp-oVM.nib ... 
2018-05-06 14:06:09 +0000  832 bytes for ./Base.lproj/LaunchScreen.storyboardc/UIViewController-01J-lp-oVM.nib
2018-05-06 14:06:09 +0000  copying file ./Base.lproj/Main.storyboardc/Info.plist ... 
2018-05-06 14:06:09 +0000  264 bytes for ./Base.lproj/Main.storyboardc/Info.plist
copying file ./Base.lproj/Main.storyboardc/UITabBarController-8II-Me-zRk.nib ... 
2018-05-06 14:06:09 +0000  2220 bytes for ./Base.lproj/Main.storyboardc/UITabBarController-8II-Me-zRk.nib
2018-05-06 14:06:09 +0000  copying file ./embedded.mobileprovision ... 
2018-05-06 14:06:09 +0000  7467 bytes for ./embedded.mobileprovision
copying file ./Frameworks/libswiftCore.dylib ... 
2018-05-06 14:06:10 +0000  66629568 bytes for ./Frameworks/libswiftCore.dylib
copying file ./Frameworks/libswiftCoreFoundation.dylib ... 
2018-05-06 14:06:10 +0000  257744 bytes for ./Frameworks/libswiftCoreFoundation.dylib
copying file ./Frameworks/libswiftCoreGraphics.dylib ... 
1628560 bytes for ./Frameworks/libswiftCoreGraphics.dylib
copying file ./Frameworks/libswiftCoreImage.dylib ... 
307632 bytes for ./Frameworks/libswiftCoreImage.dylib
copying file ./Frameworks/libswiftDarwin.dylib ... 
838736 bytes for ./Frameworks/libswiftDarwin.dylib
copying file ./Frameworks/libswiftDispatch.dylib ... 
2722304 bytes for ./Frameworks/libswiftDispatch.dylib
copying file ./Frameworks/libswiftFoundation.dylib ... 
2018-05-06 14:06:11 +0000  30131392 bytes for ./Frameworks/libswiftFoundation.dylib
copying file ./Frameworks/libswiftMetal.dylib ... 
2018-05-06 14:06:11 +0000  2018-05-06 14:06:11 +0000  /usr/bin/ditto exited with 0

2018-05-06 14:06:11 +0000  448896 bytes for ./Frameworks/libswiftMetal.dylib
copying file ./Frameworks/libswiftObjectiveC.dylib ... 
554096 bytes for ./Frameworks/libswiftObjectiveC.dylib
copying file ./Frameworks/libswiftos.dylib ... 
497152 bytes for ./Frameworks/libswiftos.dylib
copying file ./Frameworks/libswiftQuartzCore.dylib ... 
310608 bytes for ./Frameworks/libswiftQuartzCore.dylib
copying file ./Frameworks/libswiftUIKit.dylib ... 
1043024 bytes for ./Frameworks/libswiftUIKit.dylib
copying file ./Info.plist ... 
1372 bytes for ./Info.plist
copying file ./PkgInfo ... 
8 bytes for ./PkgInfo
copying file ./Vujon Indian Takeaway ... 
166528 bytes for ./Vujon Indian Takeaway
2018-05-06 14:06:11 +0000  Processing step: IDEDistributionEmbedProfileStep
2018-05-06 14:06:11 +0000  Skipping profile for item: <IDEDistributionItem: 0x7faada4f22b0 'com.apple.dt.runtime.swiftCore' '<DVTFilePath:0x7faad9794ed0:'/Users/istiaquechoudhury/Library/Developer/Xcode/Archives/2018-05-06/Vujon Indian Takeaway 06-05-2018, 15.05.xcarchive/Products/Applications/Vujon Indian Takeaway.app/Frameworks/libswiftCore.dylib'>'>
2018-05-06 14:06:11 +0000  Skipping profile for item: <IDEDistributionItem: 0x7faada1a1750 'com.apple.dt.runtime.swiftCoreFoundation' '<DVTFilePath:0x7faada19ce90:'/Users/istiaquechoudhury/Library/Developer/Xcode/Archives/2018-05-06/Vujon Indian Takeaway 06-05-2018, 15.05.xcarchive/Products/Applications/Vujon Indian Takeaway.app/Frameworks/libswiftCoreFoundation.dylib'>'>
2018-05-06 14:06:11 +0000  Skipping profile for item: <IDEDistributionItem: 0x7faada4d6760 'com.apple.dt.runtime.swiftCoreGraphics' '<DVTFilePath:0x7faad96d1e90:'/Users/istiaquechoudhury/Library/Developer/Xcode/Archives/2018-05-06/Vujon Indian Takeaway 06-05-2018, 15.05.xcarchive/Products/Applications/Vujon Indian Takeaway.app/Frameworks/libswiftCoreGraphics.dylib'>'>
2018-05-06 14:06:11 +0000  Skipping profile for item: <IDEDistributionItem: 0x7faada4e2b60 'com.apple.dt.runtime.swiftCoreImage' '<DVTFilePath:0x7faad7616850:'/Users/istiaquechoudhury/Library/Developer/Xcode/Archives/2018-05-06/Vujon Indian Takeaway 06-05-2018, 15.05.xcarchive/Products/Applications/Vujon Indian Takeaway.app/Frameworks/libswiftCoreImage.dylib'>'>
2018-05-06 14:06:11 +0000  Skipping profile for item: <IDEDistributionItem: 0x7faad77d2e60 'com.apple.dt.runtime.swiftDarwin' '<DVTFilePath:0x7faad64d4010:'/Users/istiaquechoudhury/Library/Developer/Xcode/Archives/2018-05-06/Vujon Indian Takeaway 06-05-2018, 15.05.xcarchive/Products/Applications/Vujon Indian Takeaway.app/Frameworks/libswiftDarwin.dylib'>'>
2018-05-06 14:06:11 +0000  Skipping profile for item: <IDEDistributionItem: 0x7faad9511970 'com.apple.dt.runtime.swiftDispatch' '<DVTFilePath:0x7faada21c100:'/Users/istiaquechoudhury/Library/Developer/Xcode/Archives/2018-05-06/Vujon Indian Takeaway 06-05-2018, 15.05.xcarchive/Products/Applications/Vujon Indian Takeaway.app/Frameworks/libswiftDispatch.dylib'>'>
2018-05-06 14:06:11 +0000  Skipping profile for item: <IDEDistributionItem: 0x7faada199b70 'com.apple.dt.runtime.swiftFoundation' '<DVTFilePath:0x7faada117d30:'/Users/istiaquechoudhury/Library/Developer/Xcode/Archives/2018-05-06/Vujon Indian Takeaway 06-05-2018, 15.05.xcarchive/Products/Applications/Vujon Indian Takeaway.app/Frameworks/libswiftFoundation.dylib'>'>
2018-05-06 14:06:11 +0000  Skipping profile for item: <IDEDistributionItem: 0x7faad7de4f00 'com.apple.dt.runtime.swiftMetal' '<DVTFilePath:0x7faada33f4d0:'/Users/istiaquechoudhury/Library/Developer/Xcode/Archives/2018-05-06/Vujon Indian Takeaway 06-05-2018, 15.05.xcarchive/Products/Applications/Vujon Indian Takeaway.app/Frameworks/libswiftMetal.dylib'>'>
2018-05-06 14:06:11 +0000  Skipping profile for item: <IDEDistributionItem: 0x7faad2a3a9c0 'com.apple.dt.runtime.swiftObjectiveC' '<DVTFilePath:0x7faad97620a0:'/Users/istiaquechoudhury/Library/Developer/Xcode/Archives/2018-05-06/Vujon Indian Takeaway 06-05-2018, 15.05.xcarchive/Products/Applications/Vujon Indian Takeaway.app/Frameworks/libswiftObjectiveC.dylib'>'>
2018-05-06 14:06:11 +0000  Skipping profile for item: <IDEDistributionItem: 0x7faada320240 'com.apple.dt.runtime.swiftQuartzCore' '<DVTFilePath:0x7faada495230:'/Users/istiaquechoudhury/Library/Developer/Xcode/Archives/2018-05-06/Vujon Indian Takeaway 06-05-2018, 15.05.xcarchive/Products/Applications/Vujon Indian Takeaway.app/Frameworks/libswiftQuartzCore.dylib'>'>
2018-05-06 14:06:11 +0000  Skipping profile for item: <IDEDistributionItem: 0x7faad778c070 'com.apple.dt.runtime.swiftUIKit' '<DVTFilePath:0x7faad774f280:'/Users/istiaquechoudhury/Library/Developer/Xcode/Archives/2018-05-06/Vujon Indian Takeaway 06-05-2018, 15.05.xcarchive/Products/Applications/Vujon Indian Takeaway.app/Frameworks/libswiftUIKit.dylib'>'>
2018-05-06 14:06:11 +0000  Skipping profile for item: <IDEDistributionItem: 0x7faad96d30c0 'com.apple.dt.runtime.swiftos' '<DVTFilePath:0x7faada409370:'/Users/istiaquechoudhury/Library/Developer/Xcode/Archives/2018-05-06/Vujon Indian Takeaway 06-05-2018, 15.05.xcarchive/Products/Applications/Vujon Indian Takeaway.app/Frameworks/libswiftos.dylib'>'>
2018-05-06 14:06:11 +0000  Processing step: IDEDistributionItemRemovalStep
2018-05-06 14:06:11 +0000  Processing step: IDEDistributionAppThinningPlistStep
2018-05-06 14:06:11 +0000  Skipping step: IDEDistributionAppThinningPlistStep because it said so
2018-05-06 14:06:11 +0000  Processing step: IDEDistributionCompileBitcodeStep
2018-05-06 14:06:11 +0000  Skipping step: IDEDistributionCompileBitcodeStep because it said so
2018-05-06 14:06:11 +0000  Processing step: IDEDistributionCodeSlimmingStep
2018-05-06 14:06:11 +0000  Processing step: IDEDistributionCopyBCSymbolMapsStep
2018-05-06 14:06:11 +0000  Running /usr/bin/ditto '-V' '/Users/istiaquechoudhury/Library/Developer/Xcode/Archives/2018-05-06/Vujon Indian Takeaway 06-05-2018, 15.05.xcarchive/BCSymbolMaps/4C97170E-CDFB-3977-8763-615FAA5AE293.bcsymbolmap' '/var/folders/v3/zhz1gpr11999xcnbs7dszcph0000gn/T/XcodeDistPipeline.hDk/Root/BCSymbolMaps/4C97170E-CDFB-3977-8763-615FAA5AE293.bcsymbolmap'
2018-05-06 14:06:11 +0000  >>> Copying /Users/istiaquechoudhury/Library/Developer/Xcode/Archives/2018-05-06/Vujon Indian Takeaway 06-05-2018, 15.05.xcarchive/BCSymbolMaps/4C97170E-CDFB-3977-8763-615FAA5AE293.bcsymbolmap 
2018-05-06 14:06:11 +0000  copying file ./4C97170E-CDFB-3977-8763-615FAA5AE293.bcsymbolmap ... 
2018-05-06 14:06:11 +0000  14306 bytes for ./4C97170E-CDFB-3977-8763-615FAA5AE293.bcsymbolmap
2018-05-06 14:06:11 +0000  
2018-05-06 14:06:11 +0000  2018-05-06 14:06:11 +0000  /usr/bin/ditto exited with 0

2018-05-06 14:06:11 +0000  
2018-05-06 14:06:11 +0000  Processing step: IDEDistributionSymbolsStep
2018-05-06 14:06:11 +0000  Processing symbols for libswiftCore.dylib
2018-05-06 14:06:11 +0000  Running /usr/bin/rsync '-8aPhhE' '/var/folders/v3/zhz1gpr11999xcnbs7dszcph0000gn/T/XcodeDistPipeline.hDk/Root/Payload/Vujon Indian Takeaway.app/Frameworks/libswiftCore.dylib' '--link-dest' '/var/folders/v3/zhz1gpr11999xcnbs7dszcph0000gn/T/XcodeDistPipeline.hDk/Root/Payload/Vujon Indian Takeaway.app/Frameworks' '/var/folders/v3/zhz1gpr11999xcnbs7dszcph0000gn/T/XcodeDistPipeline.hDk'
2018-05-06 14:06:11 +0000  building file list ... 
2018-05-06 14:06:11 +0000   0 files...2018-05-06 14:06:11 +0000  1 file to consider
2018-05-06 14:06:11 +0000  
sent 102 bytes  received 20 bytes  244.00 bytes/sec
total size is 63.54M  speedup is 546144.00
2018-05-06 14:06:11 +0000  
2018-05-06 14:06:11 +0000  /usr/bin/rsync exited with 0
2018-05-06 14:06:11 +0000  2018-05-06 14:06:11 +0000  

2018-05-06 14:06:11 +0000  Running /usr/bin/rsync '-8aPhhE' '/Users/istiaquechoudhury/Library/Developer/Xcode/Archives/2018-05-06/Vujon Indian Takeaway 06-05-2018, 15.05.xcarchive/dSYMs/' '--link-dest' '/Users/istiaquechoudhury/Library/Developer/Xcode/Archives/2018-05-06/Vujon Indian Takeaway 06-05-2018, 15.05.xcarchive/dSYMs/' '/var/folders/v3/zhz1gpr11999xcnbs7dszcph0000gn/T/XcodeDistPipeline.hDk'
2018-05-06 14:06:11 +0000  building file list ... 
2018-05-06 14:06:11 +0000   0 files...2018-05-06 14:06:11 +0000  7 files to consider
2018-05-06 14:06:11 +0000  ./
2018-05-06 14:06:11 +0000  Vujon Indian Takeaway.app.dSYM/
Vujon Indian Takeaway.app.dSYM/Contents/
2018-05-06 14:06:11 +0000  Vujon Indian Takeaway.app.dSYM/Contents/Resources/
Vujon Indian Takeaway.app.dSYM/Contents/Resources/DWARF/
2018-05-06 14:06:11 +0000  
sent 265 bytes  received 50 bytes  630.00 bytes/sec
2018-05-06 14:06:11 +0000  total size is 86.75K  speedup is 282.01
2018-05-06 14:06:11 +0000  2018-05-06 14:06:11 +0000  /usr/bin/rsync exited with 0

2018-05-06 14:06:11 +0000  
2018-05-06 14:06:11 +0000  Running /Applications/Xcode.app/Contents/Developer/usr/bin/symbols '-noTextInSOD' '-noDaemon' '-arch' 'all' '-symbolsPackageDir' '/var/folders/v3/zhz1gpr11999xcnbs7dszcph0000gn/T/XcodeDistPipeline.hDk/Symbols' '/var/folders/v3/zhz1gpr11999xcnbs7dszcph0000gn/T/XcodeDistPipeline.hDk/libswiftCore.dylib'
2018-05-06 14:06:12 +0000  /var/folders/v3/zhz1gpr11999xcnbs7dszcph0000gn/T/XcodeDistPipeline.hDk/libswiftCore.dylib [armv7, 0.368499 seconds]:
/var/folders/v3/zhz1gpr11999xcnbs7dszcph0000gn/T/XcodeDistPipeline.hDk/libswiftCore.dylib [armv7s, 0.368499 seconds]:
/var/folders/v3/zhz1gpr11999xcnbs7dszcph0000gn/T/XcodeDistPipeline.hDk/libswiftCore.dylib [arm64, 0.368499 seconds]:
2018-05-06 14:06:12 +0000  
2018-05-06 14:06:12 +0000  2018-05-06 14:06:12 +0000  /Applications/Xcode.app/Contents/Developer/usr/bin/symbols exited with 0

2018-05-06 14:06:12 +0000  2018-05-06 14:06:12 +0000  

2018-05-06 14:06:12 +0000  Processing symbols for libswiftCoreFoundation.dylib
2018-05-06 14:06:12 +0000  Running /usr/bin/rsync '-8aPhhE' '/var/folders/v3/zhz1gpr11999xcnbs7dszcph0000gn/T/XcodeDistPipeline.hDk/Root/Payload/Vujon Indian Takeaway.app/Frameworks/libswiftCoreFoundation.dylib' '--link-dest' '/var/folders/v3/zhz1gpr11999xcnbs7dszcph0000gn/T/XcodeDistPipeline.hDk/Root/Payload/Vujon Indian Takeaway.app/Frameworks' '/var/folders/v3/zhz1gpr11999xcnbs7dszcph0000gn/T/XcodeDistPipeline.hDk'
2018-05-06 14:06:12 +0000  building file list ... 
2018-05-06 14:06:12 +0000   0 files...2018-05-06 14:06:12 +0000  1 file to consider
2018-05-06 14:06:12 +0000  
sent 112 bytes  received 20 bytes  264.00 bytes/sec
total size is 251.70K  speedup is 1952.61
2018-05-06 14:06:12 +0000  
2018-05-06 14:06:12 +0000  
2018-05-06 14:06:12 +0000  /usr/bin/rsync exited with 0
2018-05-06 14:06:12 +0000  2018-05-06 14:06:12 +0000  

2018-05-06 14:06:12 +0000  Running /usr/bin/rsync '-8aPhhE' '/Users/istiaquechoudhury/Library/Developer/Xcode/Archives/2018-05-06/Vujon Indian Takeaway 06-05-2018, 15.05.xcarchive/dSYMs/' '--link-dest' '/Users/istiaquechoudhury/Library/Developer/Xcode/Archives/2018-05-06/Vujon Indian Takeaway 06-05-2018, 15.05.xcarchive/dSYMs/' '/var/folders/v3/zhz1gpr11999xcnbs7dszcph0000gn/T/XcodeDistPipeline.hDk'
2018-05-06 14:06:12 +0000  building file list ... 
2018-05-06 14:06:12 +0000   0 files...2018-05-06 14:06:12 +0000  7 files to consider
2018-05-06 14:06:12 +0000  ./
2018-05-06 14:06:12 +0000  Vujon Indian Takeaway.app.dSYM/
Vujon Indian Takeaway.app.dSYM/Contents/
Vujon Indian Takeaway.app.dSYM/Contents/Resources/
Vujon Indian Takeaway.app.dSYM/Contents/Resources/DWARF/
2018-05-06 14:06:12 +0000  
sent 277 bytes  received 62 bytes  678.00 bytes/sec
2018-05-06 14:06:12 +0000  
2018-05-06 14:06:12 +0000  total size is 86.75K  speedup is 262.04
2018-05-06 14:06:12 +0000  /usr/bin/rsync exited with 0
2018-05-06 14:06:12 +0000  
2018-05-06 14:06:12 +0000  
2018-05-06 14:06:12 +0000  Running /Applications/Xcode.app/Contents/Developer/usr/bin/symbols '-noTextInSOD' '-noDaemon' '-arch' 'all' '-symbolsPackageDir' '/var/folders/v3/zhz1gpr11999xcnbs7dszcph0000gn/T/XcodeDistPipeline.hDk/Symbols' '/var/folders/v3/zhz1gpr11999xcnbs7dszcph0000gn/T/XcodeDistPipeline.hDk/libswiftCoreFoundation.dylib'
2018-05-06 14:06:12 +0000  /var/folders/v3/zhz1gpr11999xcnbs7dszcph0000gn/T/XcodeDistPipeline.hDk/libswiftCoreFoundation.dylib [armv7, 0.001462 seconds]:
/var/folders/v3/zhz1gpr11999xcnbs7dszcph0000gn/T/XcodeDistPipeline.hDk/libswiftCoreFoundation.dylib [armv7s, 0.001462 seconds]:
/var/folders/v3/zhz1gpr11999xcnbs7dszcph0000gn/T/XcodeDistPipeline.hDk/libswiftCoreFoundation.dylib [arm64, 0.001462 seconds]:
2018-05-06 14:06:12 +0000  
2018-05-06 14:06:12 +0000  2018-05-06 14:06:12 +0000  /Applications/Xcode.app/Contents/Developer/usr/bin/symbols exited with 0

2018-05-06 14:06:12 +0000  2018-05-06 14:06:12 +0000  

2018-05-06 14:06:12 +0000  Processing symbols for libswiftCoreGraphics.dylib
2018-05-06 14:06:12 +0000  Running /usr/bin/rsync '-8aPhhE' '/var/folders/v3/zhz1gpr11999xcnbs7dszcph0000gn/T/XcodeDistPipeline.hDk/Root/Payload/Vujon Indian Takeaway.app/Frameworks/libswiftCoreGraphics.dylib' '--link-dest' '/var/folders/v3/zhz1gpr11999xcnbs7dszcph0000gn/T/XcodeDistPipeline.hDk/Root/Payload/Vujon Indian Takeaway.app/Frameworks' '/var/folders/v3/zhz1gpr11999xcnbs7dszcph0000gn/T/XcodeDistPipeline.hDk'
2018-05-06 14:06:12 +0000  building file list ... 
2018-05-06 14:06:12 +0000   0 files...2018-05-06 14:06:12 +0000  1 file to consider
2018-05-06 14:06:12 +0000  
sent 110 bytes  received 20 bytes  260.00 bytes/sec
total size is 1.55M  speedup is 12527.38
2018-05-06 14:06:12 +0000  
2018-05-06 14:06:12 +0000  
2018-05-06 14:06:12 +0000  2018-05-06 14:06:12 +0000  /usr/bin/rsync exited with 0

2018-05-06 14:06:12 +0000  
2018-05-06 14:06:12 +0000  Running /usr/bin/rsync '-8aPhhE' '/Users/istiaquechoudhury/Library/Developer/Xcode/Archives/2018-05-06/Vujon Indian Takeaway 06-05-2018, 15.05.xcarchive/dSYMs/' '--link-dest' '/Users/istiaquechoudhury/Library/Developer/Xcode/Archives/2018-05-06/Vujon Indian Takeaway 06-05-2018, 15.05.xcarchive/dSYMs/' '/var/folders/v3/zhz1gpr11999xcnbs7dszcph0000gn/T/XcodeDistPipeline.hDk'
2018-05-06 14:06:12 +0000  building file list ... 
2018-05-06 14:06:12 +0000   0 files...2018-05-06 14:06:12 +0000  7 files to consider
2018-05-06 14:06:12 +0000  ./
2018-05-06 14:06:12 +0000  Vujon Indian Takeaway.app.dSYM/
Vujon Indian Takeaway.app.dSYM/Contents/
Vujon Indian Takeaway.app.dSYM/Contents/Resources/
Vujon Indian Takeaway.app.dSYM/Contents/Resources/DWARF/
2018-05-06 14:06:12 +0000  
sent 277 bytes  received 62 bytes  678.00 bytes/sec
2018-05-06 14:06:12 +0000  
2018-05-06 14:06:12 +0000  total size is 86.75K  speedup is 262.04
2018-05-06 14:06:12 +0000  /usr/bin/rsync exited with 0
2018-05-06 14:06:12 +0000  2018-05-06 14:06:12 +0000  

2018-05-06 14:06:12 +0000  Running /Applications/Xcode.app/Contents/Developer/usr/bin/symbols '-noTextInSOD' '-noDaemon' '-arch' 'all' '-symbolsPackageDir' '/var/folders/v3/zhz1gpr11999xcnbs7dszcph0000gn/T/XcodeDistPipeline.hDk/Symbols' '/var/folders/v3/zhz1gpr11999xcnbs7dszcph0000gn/T/XcodeDistPipeline.hDk/libswiftCoreGraphics.dylib'
2018-05-06 14:06:12 +0000  /var/folders/v3/zhz1gpr11999xcnbs7dszcph0000gn/T/XcodeDistPipeline.hDk/libswiftCoreGraphics.dylib [armv7, 0.010645 seconds]:
/var/folders/v3/zhz1gpr11999xcnbs7dszcph0000gn/T/XcodeDistPipeline.hDk/libswiftCoreGraphics.dylib [armv7s, 0.010645 seconds]:
/var/folders/v3/zhz1gpr11999xcnbs7dszcph0000gn/T/XcodeDistPipeline.hDk/libswiftCoreGraphics.dylib [arm64, 0.010645 seconds]:
2018-05-06 14:06:12 +0000  
2018-05-06 14:06:12 +0000  2018-05-06 14:06:12 +0000  /Applications/Xcode.app/Contents/Developer/usr/bin/symbols exited with 0

2018-05-06 14:06:12 +0000  2018-05-06 14:06:12 +0000  

2018-05-06 14:06:12 +0000  Processing symbols for libswiftCoreImage.dylib
2018-05-06 14:06:12 +0000  Running /usr/bin/rsync '-8aPhhE' '/var/folders/v3/zhz1gpr11999xcnbs7dszcph0000gn/T/XcodeDistPipeline.hDk/Root/Payload/Vujon Indian Takeaway.app/Frameworks/libswiftCoreImage.dylib' '--link-dest' '/var/folders/v3/zhz1gpr11999xcnbs7dszcph0000gn/T/XcodeDistPipeline.hDk/Root/Payload/Vujon Indian Takeaway.app/Frameworks' '/var/folders/v3/zhz1gpr11999xcnbs7dszcph0000gn/T/XcodeDistPipeline.hDk'
2018-05-06 14:06:12 +0000  building file list ... 
2018-05-06 14:06:12 +0000   0 files...2018-05-06 14:06:12 +0000  1 file to consider
2018-05-06 14:06:12 +0000  
sent 107 bytes  received 20 bytes  254.00 bytes/sec
total size is 300.42K  speedup is 2422.30
2018-05-06 14:06:12 +0000  2018-05-06 14:06:12 +0000  /usr/bin/rsync exited with 0

2018-05-06 14:06:12 +0000  
2018-05-06 14:06:12 +0000  Running /usr/bin/rsync '-8aPhhE' '/Users/istiaquechoudhury/Library/Developer/Xcode/Archives/2018-05-06/Vujon Indian Takeaway 06-05-2018, 15.05.xcarchive/dSYMs/' '--link-dest' '/Users/istiaquechoudhury/Library/Developer/Xcode/Archives/2018-05-06/Vujon Indian Takeaway 06-05-2018, 15.05.xcarchive/dSYMs/' '/var/folders/v3/zhz1gpr11999xcnbs7dszcph0000gn/T/XcodeDistPipeline.hDk'
2018-05-06 14:06:12 +0000  building file list ... 
2018-05-06 14:06:12 +0000   0 files...2018-05-06 14:06:12 +0000  7 files to consider
2018-05-06 14:06:12 +0000  ./
2018-05-06 14:06:12 +0000  Vujon Indian Takeaway.app.dSYM/
Vujon Indian Takeaway.app.dSYM/Contents/
Vujon Indian Takeaway.app.dSYM/Contents/Resources/
Vujon Indian Takeaway.app.dSYM/Contents/Resources/DWARF/
2018-05-06 14:06:12 +0000  
sent 277 bytes  received 62 bytes  678.00 bytes/sec
2018-05-06 14:06:12 +0000  
2018-05-06 14:06:12 +0000  total size is 86.75K  speedup is 262.04
2018-05-06 14:06:12 +0000  /usr/bin/rsync exited with 02018-05-06 14:06:12 +0000  

2018-05-06 14:06:12 +0000  
2018-05-06 14:06:12 +0000  Running /Applications/Xcode.app/Contents/Developer/usr/bin/symbols '-noTextInSOD' '-noDaemon' '-arch' 'all' '-symbolsPackageDir' '/var/folders/v3/zhz1gpr11999xcnbs7dszcph0000gn/T/XcodeDistPipeline.hDk/Symbols' '/var/folders/v3/zhz1gpr11999xcnbs7dszcph0000gn/T/XcodeDistPipeline.hDk/libswiftCoreImage.dylib'
2018-05-06 14:06:12 +0000  /var/folders/v3/zhz1gpr11999xcnbs7dszcph0000gn/T/XcodeDistPipeline.hDk/libswiftCoreImage.dylib [armv7, 0.001332 seconds]:
/var/folders/v3/zhz1gpr11999xcnbs7dszcph0000gn/T/XcodeDistPipeline.hDk/libswiftCoreImage.dylib [armv7s, 0.001332 seconds]:
/var/folders/v3/zhz1gpr11999xcnbs7dszcph0000gn/T/XcodeDistPipeline.hDk/libswiftCoreImage.dylib [arm64, 0.001332 seconds]:
2018-05-06 14:06:12 +0000  
2018-05-06 14:06:12 +0000  2018-05-06 14:06:12 +0000  /Applications/Xcode.app/Contents/Developer/usr/bin/symbols exited with 0

2018-05-06 14:06:12 +0000  
2018-05-06 14:06:12 +0000  Processing symbols for libswiftDarwin.dylib
2018-05-06 14:06:12 +0000  Running /usr/bin/rsync '-8aPhhE' '/var/folders/v3/zhz1gpr11999xcnbs7dszcph0000gn/T/XcodeDistPipeline.hDk/Root/Payload/Vujon Indian Takeaway.app/Frameworks/libswiftDarwin.dylib' '--link-dest' '/var/folders/v3/zhz1gpr11999xcnbs7dszcph0000gn/T/XcodeDistPipeline.hDk/Root/Payload/Vujon Indian Takeaway.app/Frameworks' '/var/folders/v3/zhz1gpr11999xcnbs7dszcph0000gn/T/XcodeDistPipeline.hDk'
2018-05-06 14:06:12 +0000  building file list ... 
2018-05-06 14:06:12 +0000   0 files...2018-05-06 14:06:12 +0000  1 file to consider
2018-05-06 14:06:12 +0000  
sent 104 bytes  received 20 bytes  248.00 bytes/sec
total size is 819.08K  speedup is 6764.00
2018-05-06 14:06:12 +0000  
2018-05-06 14:06:12 +0000  /usr/bin/rsync exited with 02018-05-06 14:06:12 +0000  

2018-05-06 14:06:12 +0000  
2018-05-06 14:06:12 +0000  Running /usr/bin/rsync '-8aPhhE' '/Users/istiaquechoudhury/Library/Developer/Xcode/Archives/2018-05-06/Vujon Indian Takeaway 06-05-2018, 15.05.xcarchive/dSYMs/' '--link-dest' '/Users/istiaquechoudhury/Library/Developer/Xcode/Archives/2018-05-06/Vujon Indian Takeaway 06-05-2018, 15.05.xcarchive/dSYMs/' '/var/folders/v3/zhz1gpr11999xcnbs7dszcph0000gn/T/XcodeDistPipeline.hDk'
2018-05-06 14:06:13 +0000  building file list ... 
2018-05-06 14:06:13 +0000   0 files...2018-05-06 14:06:13 +0000  7 files to consider
2018-05-06 14:06:13 +0000  ./
2018-05-06 14:06:13 +0000  Vujon Indian Takeaway.app.dSYM/
Vujon Indian Takeaway.app.dSYM/Contents/
Vujon Indian Takeaway.app.dSYM/Contents/Resources/
Vujon Indian Takeaway.app.dSYM/Contents/Resources/DWARF/
2018-05-06 14:06:13 +0000  
2018-05-06 14:06:13 +0000  
2018-05-06 14:06:13 +0000  sent 277 bytes  received 62 bytes  226.00 bytes/sec
total size is 86.75K  speedup is 262.04
2018-05-06 14:06:13 +0000  /usr/bin/rsync exited with 02018-05-06 14:06:13 +0000  

2018-05-06 14:06:13 +0000  
2018-05-06 14:06:13 +0000  Running /Applications/Xcode.app/Contents/Developer/usr/bin/symbols '-noTextInSOD' '-noDaemon' '-arch' 'all' '-symbolsPackageDir' '/var/folders/v3/zhz1gpr11999xcnbs7dszcph0000gn/T/XcodeDistPipeline.hDk/Symbols' '/var/folders/v3/zhz1gpr11999xcnbs7dszcph0000gn/T/XcodeDistPipeline.hDk/libswiftDarwin.dylib'
2018-05-06 14:06:13 +0000  /var/folders/v3/zhz1gpr11999xcnbs7dszcph0000gn/T/XcodeDistPipeline.hDk/libswiftDarwin.dylib [armv7, 0.005504 seconds]:
/var/folders/v3/zhz1gpr11999xcnbs7dszcph0000gn/T/XcodeDistPipeline.hDk/libswiftDarwin.dylib [armv7s, 0.005504 seconds]:
/var/folders/v3/zhz1gpr11999xcnbs7dszcph0000gn/T/XcodeDistPipeline.hDk/libswiftDarwin.dylib [arm64, 0.005504 seconds]:
2018-05-06 14:06:13 +0000  
2018-05-06 14:06:13 +0000  
2018-05-06 14:06:13 +0000  /Applications/Xcode.app/Contents/Developer/usr/bin/symbols exited with 02018-05-06 14:06:13 +0000  

2018-05-06 14:06:13 +0000  
2018-05-06 14:06:13 +0000  Processing symbols for libswiftDispatch.dylib
2018-05-06 14:06:13 +0000  Running /usr/bin/rsync '-8aPhhE' '/var/folders/v3/zhz1gpr11999xcnbs7dszcph0000gn/T/XcodeDistPipeline.hDk/Root/Payload/Vujon Indian Takeaway.app/Frameworks/libswiftDispatch.dylib' '--link-dest' '/var/folders/v3/zhz1gpr11999xcnbs7dszcph0000gn/T/XcodeDistPipeline.hDk/Root/Payload/Vujon Indian Takeaway.app/Frameworks' '/var/folders/v3/zhz1gpr11999xcnbs7dszcph0000gn/T/XcodeDistPipeline.hDk'
2018-05-06 14:06:13 +0000  building file list ... 
2018-05-06 14:06:13 +0000   0 files...2018-05-06 14:06:13 +0000  1 file to consider
2018-05-06 14:06:13 +0000  
sent 106 bytes  received 20 bytes  252.00 bytes/sec
total size is 2.60M  speedup is 21605.59
2018-05-06 14:06:13 +0000  
2018-05-06 14:06:13 +0000  2018-05-06 14:06:13 +0000  /usr/bin/rsync exited with 0

2018-05-06 14:06:13 +0000  
2018-05-06 14:06:13 +0000  
2018-05-06 14:06:13 +0000  Running /usr/bin/rsync '-8aPhhE' '/Users/istiaquechoudhury/Library/Developer/Xcode/Archives/2018-05-06/Vujon Indian Takeaway 06-05-2018, 15.05.xcarchive/dSYMs/' '--link-dest' '/Users/istiaquechoudhury/Library/Developer/Xcode/Archives/2018-05-06/Vujon Indian Takeaway 06-05-2018, 15.05.xcarchive/dSYMs/' '/var/folders/v3/zhz1gpr11999xcnbs7dszcph0000gn/T/XcodeDistPipeline.hDk'
2018-05-06 14:06:13 +0000  building file list ... 
2018-05-06 14:06:13 +0000   0 files...2018-05-06 14:06:13 +0000  7 files to consider
2018-05-06 14:06:13 +0000  ./
2018-05-06 14:06:13 +0000  Vujon Indian Takeaway.app.dSYM/
Vujon Indian Takeaway.app.dSYM/Contents/
Vujon Indian Takeaway.app.dSYM/Contents/Resources/
Vujon Indian Takeaway.app.dSYM/Contents/Resources/DWARF/
2018-05-06 14:06:13 +0000  
sent 277 bytes  received 62 bytes  678.00 bytes/sec
2018-05-06 14:06:13 +0000  
2018-05-06 14:06:13 +0000  total size is 86.75K  speedup is 262.04
2018-05-06 14:06:13 +0000  2018-05-06 14:06:13 +0000  /usr/bin/rsync exited with 0

2018-05-06 14:06:13 +0000  
2018-05-06 14:06:13 +0000  Running /Applications/Xcode.app/Contents/Developer/usr/bin/symbols '-noTextInSOD' '-noDaemon' '-arch' 'all' '-symbolsPackageDir' '/var/folders/v3/zhz1gpr11999xcnbs7dszcph0000gn/T/XcodeDistPipeline.hDk/Symbols' '/var/folders/v3/zhz1gpr11999xcnbs7dszcph0000gn/T/XcodeDistPipeline.hDk/libswiftDispatch.dylib'
2018-05-06 14:06:13 +0000  /var/folders/v3/zhz1gpr11999xcnbs7dszcph0000gn/T/XcodeDistPipeline.hDk/libswiftDispatch.dylib [armv7, 0.019627 seconds]:
/var/folders/v3/zhz1gpr11999xcnbs7dszcph0000gn/T/XcodeDistPipeline.hDk/libswiftDispatch.dylib [armv7s, 0.019627 seconds]:
/var/folders/v3/zhz1gpr11999xcnbs7dszcph0000gn/T/XcodeDistPipeline.hDk/libswiftDispatch.dylib [arm64, 0.019627 seconds]:
2018-05-06 14:06:13 +0000  
2018-05-06 14:06:13 +0000  
2018-05-06 14:06:13 +0000  /Applications/Xcode.app/Contents/Developer/usr/bin/symbols exited with 02018-05-06 14:06:13 +0000  

2018-05-06 14:06:13 +0000  
2018-05-06 14:06:13 +0000  Processing symbols for libswiftFoundation.dylib
2018-05-06 14:06:13 +0000  Running /usr/bin/rsync '-8aPhhE' '/var/folders/v3/zhz1gpr11999xcnbs7dszcph0000gn/T/XcodeDistPipeline.hDk/Root/Payload/Vujon Indian Takeaway.app/Frameworks/libswiftFoundation.dylib' '--link-dest' '/var/folders/v3/zhz1gpr11999xcnbs7dszcph0000gn/T/XcodeDistPipeline.hDk/Root/Payload/Vujon Indian Takeaway.app/Frameworks' '/var/folders/v3/zhz1gpr11999xcnbs7dszcph0000gn/T/XcodeDistPipeline.hDk'
2018-05-06 14:06:13 +0000  building file list ... 
2018-05-06 14:06:13 +0000   0 files...2018-05-06 14:06:13 +0000  1 file to consider
2018-05-06 14:06:13 +0000  
sent 108 bytes  received 20 bytes  256.00 bytes/sec
total size is 28.74M  speedup is 235401.50
2018-05-06 14:06:13 +0000  
2018-05-06 14:06:13 +0000  /usr/bin/rsync exited with 02018-05-06 14:06:13 +0000  

2018-05-06 14:06:13 +0000  2018-05-06 14:06:13 +0000  Running /usr/bin/rsync '-8aPhhE' '/Users/istiaquechoudhury/Library/Developer/Xcode/Archives/2018-05-06/Vujon Indian Takeaway 06-05-2018, 15.05.xcarchive/dSYMs/' '--link-dest' '/Users/istiaquechoudhury/Library/Developer/Xcode/Archives/2018-05-06/Vujon Indian Takeaway 06-05-2018, 15.05.xcarchive/dSYMs/' '/var/folders/v3/zhz1gpr11999xcnbs7dszcph0000gn/T/XcodeDistPipeline.hDk'

2018-05-06 14:06:13 +0000  building file list ... 
2018-05-06 14:06:13 +0000   0 files...2018-05-06 14:06:13 +0000  7 files to consider
2018-05-06 14:06:13 +0000  ./
2018-05-06 14:06:13 +0000  Vujon Indian Takeaway.app.dSYM/
Vujon Indian Takeaway.app.dSYM/Contents/
Vujon Indian Takeaway.app.dSYM/Contents/Resources/
Vujon Indian Takeaway.app.dSYM/Contents/Resources/DWARF/
2018-05-06 14:06:13 +0000  
sent 277 bytes  received 62 bytes  678.00 bytes/sec
total size is 86.75K  speedup is 262.04
2018-05-06 14:06:13 +0000  
2018-05-06 14:06:13 +0000  2018-05-06 14:06:13 +0000  /usr/bin/rsync exited with 0

2018-05-06 14:06:13 +0000  
2018-05-06 14:06:13 +0000  Running /Applications/Xcode.app/Contents/Developer/usr/bin/symbols '-noTextInSOD' '-noDaemon' '-arch' 'all' '-symbolsPackageDir' '/var/folders/v3/zhz1gpr11999xcnbs7dszcph0000gn/T/XcodeDistPipeline.hDk/Symbols' '/var/folders/v3/zhz1gpr11999xcnbs7dszcph0000gn/T/XcodeDistPipeline.hDk/libswiftFoundation.dylib'
2018-05-06 14:06:13 +0000  /var/folders/v3/zhz1gpr11999xcnbs7dszcph0000gn/T/XcodeDistPipeline.hDk/libswiftFoundation.dylib [armv7, 0.138915 seconds]:
/var/folders/v3/zhz1gpr11999xcnbs7dszcph0000gn/T/XcodeDistPipeline.hDk/libswiftFoundation.dylib [armv7s, 0.138915 seconds]:
/var/folders/v3/zhz1gpr11999xcnbs7dszcph0000gn/T/XcodeDistPipeline.hDk/libswiftFoundation.dylib [arm64, 0.138915 seconds]:
2018-05-06 14:06:13 +0000  
2018-05-06 14:06:13 +0000  2018-05-06 14:06:13 +0000  /Applications/Xcode.app/Contents/Developer/usr/bin/symbols exited with 0

2018-05-06 14:06:13 +0000  
2018-05-06 14:06:13 +0000  Processing symbols for libswiftMetal.dylib
2018-05-06 14:06:13 +0000  Running /usr/bin/rsync '-8aPhhE' '/var/folders/v3/zhz1gpr11999xcnbs7dszcph0000gn/T/XcodeDistPipeline.hDk/Root/Payload/Vujon Indian Takeaway.app/Frameworks/libswiftMetal.dylib' '--link-dest' '/var/folders/v3/zhz1gpr11999xcnbs7dszcph0000gn/T/XcodeDistPipeline.hDk/Root/Payload/Vujon Indian Takeaway.app/Frameworks' '/var/folders/v3/zhz1gpr11999xcnbs7dszcph0000gn/T/XcodeDistPipeline.hDk'
2018-05-06 14:06:13 +0000  building file list ... 
2018-05-06 14:06:13 +0000   0 files...2018-05-06 14:06:13 +0000  1 file to consider
2018-05-06 14:06:13 +0000  
sent 103 bytes  received 20 bytes  246.00 bytes/sec
total size is 438.38K  speedup is 3649.56
2018-05-06 14:06:13 +0000  
2018-05-06 14:06:13 +0000  2018-05-06 14:06:13 +0000  /usr/bin/rsync exited with 0

2018-05-06 14:06:13 +0000  2018-05-06 14:06:13 +0000  

2018-05-06 14:06:13 +0000  Running /usr/bin/rsync '-8aPhhE' '/Users/istiaquechoudhury/Library/Developer/Xcode/Archives/2018-05-06/Vujon Indian Takeaway 06-05-2018, 15.05.xcarchive/dSYMs/' '--link-dest' '/Users/istiaquechoudhury/Library/Developer/Xcode/Archives/2018-05-06/Vujon Indian Takeaway 06-05-2018, 15.05.xcarchive/dSYMs/' '/var/folders/v3/zhz1gpr11999xcnbs7dszcph0000gn/T/XcodeDistPipeline.hDk'
2018-05-06 14:06:13 +0000  building file list ... 
2018-05-06 14:06:13 +0000   0 files...2018-05-06 14:06:13 +0000  7 files to consider
2018-05-06 14:06:13 +0000  ./
2018-05-06 14:06:13 +0000  Vujon Indian Takeaway.app.dSYM/
Vujon Indian Takeaway.app.dSYM/Contents/
Vujon Indian Takeaway.app.dSYM/Contents/Resources/
Vujon Indian Takeaway.app.dSYM/Contents/Resources/DWARF/
2018-05-06 14:06:13 +0000  
sent 277 bytes  received 62 bytes  678.00 bytes/sec
total size is 86.75K  speedup is 262.04
2018-05-06 14:06:13 +0000  
2018-05-06 14:06:13 +0000  2018-05-06 14:06:13 +0000  /usr/bin/rsync exited with 0

2018-05-06 14:06:13 +0000  2018-05-06 14:06:13 +0000  

2018-05-06 14:06:13 +0000  Running /Applications/Xcode.app/Contents/Developer/usr/bin/symbols '-noTextInSOD' '-noDaemon' '-arch' 'all' '-symbolsPackageDir' '/var/folders/v3/zhz1gpr11999xcnbs7dszcph0000gn/T/XcodeDistPipeline.hDk/Symbols' '/var/folders/v3/zhz1gpr11999xcnbs7dszcph0000gn/T/XcodeDistPipeline.hDk/libswiftMetal.dylib'
2018-05-06 14:06:13 +0000  /var/folders/v3/zhz1gpr11999xcnbs7dszcph0000gn/T/XcodeDistPipeline.hDk/libswiftMetal.dylib [armv7, 0.002248 seconds]:
/var/folders/v3/zhz1gpr11999xcnbs7dszcph0000gn/T/XcodeDistPipeline.hDk/libswiftMetal.dylib [armv7s, 0.002248 seconds]:
/var/folders/v3/zhz1gpr11999xcnbs7dszcph0000gn/T/XcodeDistPipeline.hDk/libswiftMetal.dylib [arm64, 0.002248 seconds]:
2018-05-06 14:06:13 +0000  
2018-05-06 14:06:13 +0000  2018-05-06 14:06:13 +0000  /Applications/Xcode.app/Contents/Developer/usr/bin/symbols exited with 0

2018-05-06 14:06:13 +0000  
2018-05-06 14:06:13 +0000  Processing symbols for libswiftObjectiveC.dylib
2018-05-06 14:06:13 +0000  Running /usr/bin/rsync '-8aPhhE' '/var/folders/v3/zhz1gpr11999xcnbs7dszcph0000gn/T/XcodeDistPipeline.hDk/Root/Payload/Vujon Indian Takeaway.app/Frameworks/libswiftObjectiveC.dylib' '--link-dest' '/var/folders/v3/zhz1gpr11999xcnbs7dszcph0000gn/T/XcodeDistPipeline.hDk/Root/Payload/Vujon Indian Takeaway.app/Frameworks' '/var/folders/v3/zhz1gpr11999xcnbs7dszcph0000gn/T/XcodeDistPipeline.hDk'
2018-05-06 14:06:13 +0000  building file list ... 
2018-05-06 14:06:13 +0000   0 files...2018-05-06 14:06:13 +0000  1 file to consider
2018-05-06 14:06:13 +0000  
sent 108 bytes  received 20 bytes  256.00 bytes/sec
total size is 541.11K  speedup is 4328.88
2018-05-06 14:06:13 +0000  
2018-05-06 14:06:13 +0000  2018-05-06 14:06:13 +0000  /usr/bin/rsync exited with 0

2018-05-06 14:06:13 +0000  
2018-05-06 14:06:13 +0000  Running /usr/bin/rsync '-8aPhhE' '/Users/istiaquechoudhury/Library/Developer/Xcode/Archives/2018-05-06/Vujon Indian Takeaway 06-05-2018, 15.05.xcarchive/dSYMs/' '--link-dest' '/Users/istiaquechoudhury/Library/Developer/Xcode/Archives/2018-05-06/Vujon Indian Takeaway 06-05-2018, 15.05.xcarchive/dSYMs/' '/var/folders/v3/zhz1gpr11999xcnbs7dszcph0000gn/T/XcodeDistPipeline.hDk'
2018-05-06 14:06:13 +0000  building file list ... 
2018-05-06 14:06:13 +0000   0 files...2018-05-06 14:06:13 +0000  7 files to consider
2018-05-06 14:06:13 +0000  ./
2018-05-06 14:06:13 +0000  Vujon Indian Takeaway.app.dSYM/
Vujon Indian Takeaway.app.dSYM/Contents/
Vujon Indian Takeaway.app.dSYM/Contents/Resources/
Vujon Indian Takeaway.app.dSYM/Contents/Resources/DWARF/
2018-05-06 14:06:13 +0000  
sent 277 bytes  received 62 bytes  678.00 bytes/sec
2018-05-06 14:06:13 +0000  
2018-05-06 14:06:13 +0000  total size is 86.75K  speedup is 262.04
2018-05-06 14:06:13 +0000  /usr/bin/rsync exited with 02018-05-06 14:06:13 +0000  

2018-05-06 14:06:13 +0000  
2018-05-06 14:06:13 +0000  Running /Applications/Xcode.app/Contents/Developer/usr/bin/symbols '-noTextInSOD' '-noDaemon' '-arch' 'all' '-symbolsPackageDir' '/var/folders/v3/zhz1gpr11999xcnbs7dszcph0000gn/T/XcodeDistPipeline.hDk/Symbols' '/var/folders/v3/zhz1gpr11999xcnbs7dszcph0000gn/T/XcodeDistPipeline.hDk/libswiftObjectiveC.dylib'
2018-05-06 14:06:13 +0000  /var/folders/v3/zhz1gpr11999xcnbs7dszcph0000gn/T/XcodeDistPipeline.hDk/libswiftObjectiveC.dylib [armv7, 0.003088 seconds]:
/var/folders/v3/zhz1gpr11999xcnbs7dszcph0000gn/T/XcodeDistPipeline.hDk/libswiftObjectiveC.dylib [armv7s, 0.003088 seconds]:
/var/folders/v3/zhz1gpr11999xcnbs7dszcph0000gn/T/XcodeDistPipeline.hDk/libswiftObjectiveC.dylib [arm64, 0.003088 seconds]:
2018-05-06 14:06:13 +0000  
2018-05-06 14:06:13 +0000  2018-05-06 14:06:13 +0000  /Applications/Xcode.app/Contents/Developer/usr/bin/symbols exited with 0

2018-05-06 14:06:13 +0000  
2018-05-06 14:06:13 +0000  Processing symbols for libswiftQuartzCore.dylib
2018-05-06 14:06:13 +0000  Running /usr/bin/rsync '-8aPhhE' '/var/folders/v3/zhz1gpr11999xcnbs7dszcph0000gn/T/XcodeDistPipeline.hDk/Root/Payload/Vujon Indian Takeaway.app/Frameworks/libswiftQuartzCore.dylib' '--link-dest' '/var/folders/v3/zhz1gpr11999xcnbs7dszcph0000gn/T/XcodeDistPipeline.hDk/Root/Payload/Vujon Indian Takeaway.app/Frameworks' '/var/folders/v3/zhz1gpr11999xcnbs7dszcph0000gn/T/XcodeDistPipeline.hDk'
2018-05-06 14:06:13 +0000  building file list ... 
2018-05-06 14:06:13 +0000   0 files...2018-05-06 14:06:13 +0000  1 file to consider
2018-05-06 14:06:13 +0000  
sent 108 bytes  received 20 bytes  256.00 bytes/sec
2018-05-06 14:06:13 +0000  
2018-05-06 14:06:13 +0000  total size is 303.33K  speedup is 2426.62
2018-05-06 14:06:13 +0000  /usr/bin/rsync exited with 0
2018-05-06 14:06:13 +0000  
2018-05-06 14:06:13 +0000  
2018-05-06 14:06:13 +0000  Running /usr/bin/rsync '-8aPhhE' '/Users/istiaquechoudhury/Library/Developer/Xcode/Archives/2018-05-06/Vujon Indian Takeaway 06-05-2018, 15.05.xcarchive/dSYMs/' '--link-dest' '/Users/istiaquechoudhury/Library/Developer/Xcode/Archives/2018-05-06/Vujon Indian Takeaway 06-05-2018, 15.05.xcarchive/dSYMs/' '/var/folders/v3/zhz1gpr11999xcnbs7dszcph0000gn/T/XcodeDistPipeline.hDk'
2018-05-06 14:06:13 +0000  building file list ... 
2018-05-06 14:06:13 +0000   0 files...2018-05-06 14:06:13 +0000  7 files to consider
2018-05-06 14:06:13 +0000  ./
2018-05-06 14:06:13 +0000  Vujon Indian Takeaway.app.dSYM/
Vujon Indian Takeaway.app.dSYM/Contents/
Vujon Indian Takeaway.app.dSYM/Contents/Resources/
Vujon Indian Takeaway.app.dSYM/Contents/Resources/DWARF/
2018-05-06 14:06:13 +0000  2018-05-06 14:06:13 +0000  /usr/bin/rsync exited with 0

2018-05-06 14:06:13 +0000  
sent 277 bytes  received 62 bytes  678.00 bytes/sec
total size is 86.75K  speedup is 262.04
2018-05-06 14:06:13 +0000  Running /Applications/Xcode.app/Contents/Developer/usr/bin/symbols '-noTextInSOD' '-noDaemon' '-arch' 'all' '-symbolsPackageDir' '/var/folders/v3/zhz1gpr11999xcnbs7dszcph0000gn/T/XcodeDistPipeline.hDk/Symbols' '/var/folders/v3/zhz1gpr11999xcnbs7dszcph0000gn/T/XcodeDistPipeline.hDk/libswiftQuartzCore.dylib'
2018-05-06 14:06:13 +0000  /var/folders/v3/zhz1gpr11999xcnbs7dszcph0000gn/T/XcodeDistPipeline.hDk/libswiftQuartzCore.dylib [armv7, 0.001756 seconds]:
/var/folders/v3/zhz1gpr11999xcnbs7dszcph0000gn/T/XcodeDistPipeline.hDk/libswiftQuartzCore.dylib [armv7s, 0.001756 seconds]:
/var/folders/v3/zhz1gpr11999xcnbs7dszcph0000gn/T/XcodeDistPipeline.hDk/libswiftQuartzCore.dylib [arm64, 0.001756 seconds]:
2018-05-06 14:06:13 +0000  
2018-05-06 14:06:13 +0000  
2018-05-06 14:06:13 +0000  2018-05-06 14:06:13 +0000  /Applications/Xcode.app/Contents/Developer/usr/bin/symbols exited with 0

2018-05-06 14:06:13 +0000  
2018-05-06 14:06:13 +0000  Processing symbols for libswiftUIKit.dylib
2018-05-06 14:06:13 +0000  Running /usr/bin/rsync '-8aPhhE' '/var/folders/v3/zhz1gpr11999xcnbs7dszcph0000gn/T/XcodeDistPipeline.hDk/Root/Payload/Vujon Indian Takeaway.app/Frameworks/libswiftUIKit.dylib' '--link-dest' '/var/folders/v3/zhz1gpr11999xcnbs7dszcph0000gn/T/XcodeDistPipeline.hDk/Root/Payload/Vujon Indian Takeaway.app/Frameworks' '/var/folders/v3/zhz1gpr11999xcnbs7dszcph0000gn/T/XcodeDistPipeline.hDk'
2018-05-06 14:06:13 +0000  building file list ... 
2018-05-06 14:06:13 +0000   0 files...2018-05-06 14:06:13 +0000  1 file to consider
2018-05-06 14:06:13 +0000  
sent 103 bytes  received 20 bytes  246.00 bytes/sec
total size is 1018.58K  speedup is 8479.87
2018-05-06 14:06:13 +0000  
2018-05-06 14:06:13 +0000  /usr/bin/rsync exited with 02018-05-06 14:06:13 +0000  

2018-05-06 14:06:13 +0000  
2018-05-06 14:06:13 +0000  Running /usr/bin/rsync '-8aPhhE' '/Users/istiaquechoudhury/Library/Developer/Xcode/Archives/2018-05-06/Vujon Indian Takeaway 06-05-2018, 15.05.xcarchive/dSYMs/' '--link-dest' '/Users/istiaquechoudhury/Library/Developer/Xcode/Archives/2018-05-06/Vujon Indian Takeaway 06-05-2018, 15.05.xcarchive/dSYMs/' '/var/folders/v3/zhz1gpr11999xcnbs7dszcph0000gn/T/XcodeDistPipeline.hDk'
2018-05-06 14:06:14 +0000  building file list ... 
2018-05-06 14:06:14 +0000   0 files...2018-05-06 14:06:14 +0000  7 files to consider
2018-05-06 14:06:14 +0000  ./
2018-05-06 14:06:14 +0000  Vujon Indian Takeaway.app.dSYM/
Vujon Indian Takeaway.app.dSYM/Contents/
Vujon Indian Takeaway.app.dSYM/Contents/Resources/
Vujon Indian Takeaway.app.dSYM/Contents/Resources/DWARF/
2018-05-06 14:06:14 +0000  
sent 277 bytes  received 62 bytes  226.00 bytes/sec
2018-05-06 14:06:14 +0000  
2018-05-06 14:06:14 +0000  total size is 86.75K  speedup is 262.04
2018-05-06 14:06:14 +0000  /usr/bin/rsync exited with 0
2018-05-06 14:06:14 +0000  2018-05-06 14:06:14 +0000  

2018-05-06 14:06:14 +0000  Running /Applications/Xcode.app/Contents/Developer/usr/bin/symbols '-noTextInSOD' '-noDaemon' '-arch' 'all' '-symbolsPackageDir' '/var/folders/v3/zhz1gpr11999xcnbs7dszcph0000gn/T/XcodeDistPipeline.hDk/Symbols' '/var/folders/v3/zhz1gpr11999xcnbs7dszcph0000gn/T/XcodeDistPipeline.hDk/libswiftUIKit.dylib'
2018-05-06 14:06:14 +0000  /var/folders/v3/zhz1gpr11999xcnbs7dszcph0000gn/T/XcodeDistPipeline.hDk/libswiftUIKit.dylib [armv7, 0.006163 seconds]:
/var/folders/v3/zhz1gpr11999xcnbs7dszcph0000gn/T/XcodeDistPipeline.hDk/libswiftUIKit.dylib [armv7s, 0.006163 seconds]:
/var/folders/v3/zhz1gpr11999xcnbs7dszcph0000gn/T/XcodeDistPipeline.hDk/libswiftUIKit.dylib [arm64, 0.006163 seconds]:
2018-05-06 14:06:14 +0000  
2018-05-06 14:06:14 +0000  2018-05-06 14:06:14 +0000  /Applications/Xcode.app/Contents/Developer/usr/bin/symbols exited with 0

2018-05-06 14:06:14 +0000  2018-05-06 14:06:14 +0000  

2018-05-06 14:06:14 +0000  Processing symbols for libswiftos.dylib
2018-05-06 14:06:14 +0000  Running /usr/bin/rsync '-8aPhhE' '/var/folders/v3/zhz1gpr11999xcnbs7dszcph0000gn/T/XcodeDistPipeline.hDk/Root/Payload/Vujon Indian Takeaway.app/Frameworks/libswiftos.dylib' '--link-dest' '/var/folders/v3/zhz1gpr11999xcnbs7dszcph0000gn/T/XcodeDistPipeline.hDk/Root/Payload/Vujon Indian Takeaway.app/Frameworks' '/var/folders/v3/zhz1gpr11999xcnbs7dszcph0000gn/T/XcodeDistPipeline.hDk'
2018-05-06 14:06:14 +0000  building file list ... 
2018-05-06 14:06:14 +0000   0 files...2018-05-06 14:06:14 +0000  1 file to consider
2018-05-06 14:06:14 +0000  
sent 100 bytes  received 20 bytes  240.00 bytes/sec
total size is 485.50K  speedup is 4142.93
2018-05-06 14:06:14 +0000  
2018-05-06 14:06:14 +0000  /usr/bin/rsync exited with 02018-05-06 14:06:14 +0000  

2018-05-06 14:06:14 +0000  2018-05-06 14:06:14 +0000  Running /usr/bin/rsync '-8aPhhE' '/Users/istiaquechoudhury/Library/Developer/Xcode/Archives/2018-05-06/Vujon Indian Takeaway 06-05-2018, 15.05.xcarchive/dSYMs/' '--link-dest' '/Users/istiaquechoudhury/Library/Developer/Xcode/Archives/2018-05-06/Vujon Indian Takeaway 06-05-2018, 15.05.xcarchive/dSYMs/' '/var/folders/v3/zhz1gpr11999xcnbs7dszcph0000gn/T/XcodeDistPipeline.hDk'

2018-05-06 14:06:14 +0000  building file list ... 
2018-05-06 14:06:14 +0000   0 files...2018-05-06 14:06:14 +0000  7 files to consider
2018-05-06 14:06:14 +0000  ./
2018-05-06 14:06:14 +0000  Vujon Indian Takeaway.app.dSYM/
Vujon Indian Takeaway.app.dSYM/Contents/
Vujon Indian Takeaway.app.dSYM/Contents/Resources/
Vujon Indian Takeaway.app.dSYM/Contents/Resources/DWARF/
2018-05-06 14:06:14 +0000  
sent 277 bytes  received 62 bytes  678.00 bytes/sec
2018-05-06 14:06:14 +0000  
2018-05-06 14:06:14 +0000  total size is 86.75K  speedup is 262.04
2018-05-06 14:06:14 +0000  /usr/bin/rsync exited with 0
2018-05-06 14:06:14 +0000  2018-05-06 14:06:14 +0000  

2018-05-06 14:06:14 +0000  Running /Applications/Xcode.app/Contents/Developer/usr/bin/symbols '-noTextInSOD' '-noDaemon' '-arch' 'all' '-symbolsPackageDir' '/var/folders/v3/zhz1gpr11999xcnbs7dszcph0000gn/T/XcodeDistPipeline.hDk/Symbols' '/var/folders/v3/zhz1gpr11999xcnbs7dszcph0000gn/T/XcodeDistPipeline.hDk/libswiftos.dylib'
2018-05-06 14:06:14 +0000  /var/folders/v3/zhz1gpr11999xcnbs7dszcph0000gn/T/XcodeDistPipeline.hDk/libswiftos.dylib [armv7, 0.002456 seconds]:
/var/folders/v3/zhz1gpr11999xcnbs7dszcph0000gn/T/XcodeDistPipeline.hDk/libswiftos.dylib [armv7s, 0.002456 seconds]:
/var/folders/v3/zhz1gpr11999xcnbs7dszcph0000gn/T/XcodeDistPipeline.hDk/libswiftos.dylib [arm64, 0.002456 seconds]:
2018-05-06 14:06:14 +0000  2018-05-06 14:06:14 +0000  

2018-05-06 14:06:14 +0000  /Applications/Xcode.app/Contents/Developer/usr/bin/symbols exited with 0
2018-05-06 14:06:14 +0000  
2018-05-06 14:06:14 +0000  
2018-05-06 14:06:14 +0000  Excluding symbols for Vujon Indian Takeaway.app
2018-05-06 14:06:14 +0000  Processing step: IDEDistributionCopyAppleProvidedContentStep
2018-05-06 14:06:14 +0000  Running /usr/bin/ditto '-V' '/Users/istiaquechoudhury/Library/Developer/Xcode/Archives/2018-05-06/Vujon Indian Takeaway 06-05-2018, 15.05.xcarchive/SwiftSupport' '/var/folders/v3/zhz1gpr11999xcnbs7dszcph0000gn/T/XcodeDistPipeline.hDk/Root/SwiftSupport'
2018-05-06 14:06:14 +0000  >>> Copying /Users/istiaquechoudhury/Library/Developer/Xcode/Archives/2018-05-06/Vujon Indian Takeaway 06-05-2018, 15.05.xcarchive/SwiftSupport 
2018-05-06 14:06:14 +0000  copying file ./iphoneos/libswiftCore.dylib ... 
2018-05-06 14:06:14 +0000  96713490 bytes for ./iphoneos/libswiftCore.dylib
2018-05-06 14:06:14 +0000  copying file ./iphoneos/libswiftCoreFoundation.dylib ... 
2018-05-06 14:06:14 +0000  288225 bytes for ./iphoneos/libswiftCoreFoundation.dylib
copying file ./iphoneos/libswiftCoreGraphics.dylib ... 
2018-05-06 14:06:14 +0000  2199570 bytes for ./iphoneos/libswiftCoreGraphics.dylib
copying file ./iphoneos/libswiftCoreImage.dylib ... 
2018-05-06 14:06:14 +0000  351529 bytes for ./iphoneos/libswiftCoreImage.dylib
copying file ./iphoneos/libswiftDarwin.dylib ... 
2018-05-06 14:06:14 +0000  1091344 bytes for ./iphoneos/libswiftDarwin.dylib
copying file ./iphoneos/libswiftDispatch.dylib ... 
2018-05-06 14:06:14 +0000  3697961 bytes for ./iphoneos/libswiftDispatch.dylib
2018-05-06 14:06:14 +0000  copying file ./iphoneos/libswiftFoundation.dylib ... 
2018-05-06 14:06:15 +0000  43073646 bytes for ./iphoneos/libswiftFoundation.dylib
copying file ./iphoneos/libswiftMetal.dylib ... 
2018-05-06 14:06:15 +0000  558438 bytes for ./iphoneos/libswiftMetal.dylib
2018-05-06 14:06:15 +0000  copying file ./iphoneos/libswiftObjectiveC.dylib ... 
2018-05-06 14:06:15 +0000  737121 bytes for ./iphoneos/libswiftObjectiveC.dylib
copying file ./iphoneos/libswiftos.dylib ... 
2018-05-06 14:06:15 +0000  656415 bytes for ./iphoneos/libswiftos.dylib
copying file ./iphoneos/libswiftQuartzCore.dylib ... 
2018-05-06 14:06:15 +0000  369774 bytes for ./iphoneos/libswiftQuartzCore.dylib
copying file ./iphoneos/libswiftUIKit.dylib ... 
2018-05-06 14:06:15 +0000  1410757 bytes for ./iphoneos/libswiftUIKit.dylib
2018-05-06 14:06:15 +0000  
2018-05-06 14:06:15 +0000  2018-05-06 14:06:15 +0000  /usr/bin/ditto exited with 0

2018-05-06 14:06:15 +0000  
2018-05-06 14:06:15 +0000  Processing step: IDEDistributionAppThinningStep
2018-05-06 14:06:15 +0000  Skipping step: IDEDistributionAppThinningStep because it said so
2018-05-06 14:06:15 +0000  Processing step: IDEDistributionODRStep
2018-05-06 14:06:15 +0000  Processing step: IDEDistributionStripXattrsStep
2018-05-06 14:06:15 +0000  Skipping stripping extended attributes of item: <IDEDistributionItem: 0x7faada4f22b0 'com.apple.dt.runtime.swiftCore' '<DVTFilePath:0x7faad9794ed0:'/Users/istiaquechoudhury/Library/Developer/Xcode/Archives/2018-05-06/Vujon Indian Takeaway 06-05-2018, 15.05.xcarchive/Products/Applications/Vujon Indian Takeaway.app/Frameworks/libswiftCore.dylib'>'>
2018-05-06 14:06:15 +0000  Skipping stripping extended attributes of item: <IDEDistributionItem: 0x7faada1a1750 'com.apple.dt.runtime.swiftCoreFoundation' '<DVTFilePath:0x7faada19ce90:'/Users/istiaquechoudhury/Library/Developer/Xcode/Archives/2018-05-06/Vujon Indian Takeaway 06-05-2018, 15.05.xcarchive/Products/Applications/Vujon Indian Takeaway.app/Frameworks/libswiftCoreFoundation.dylib'>'>
2018-05-06 14:06:15 +0000  Skipping stripping extended attributes of item: <IDEDistributionItem: 0x7faada4d6760 'com.apple.dt.runtime.swiftCoreGraphics' '<DVTFilePath:0x7faad96d1e90:'/Users/istiaquechoudhury/Library/Developer/Xcode/Archives/2018-05-06/Vujon Indian Takeaway 06-05-2018, 15.05.xcarchive/Products/Applications/Vujon Indian Takeaway.app/Frameworks/libswiftCoreGraphics.dylib'>'>
2018-05-06 14:06:15 +0000  Skipping stripping extended attributes of item: <IDEDistributionItem: 0x7faada4e2b60 'com.apple.dt.runtime.swiftCoreImage' '<DVTFilePath:0x7faad7616850:'/Users/istiaquechoudhury/Library/Developer/Xcode/Archives/2018-05-06/Vujon Indian Takeaway 06-05-2018, 15.05.xcarchive/Products/Applications/Vujon Indian Takeaway.app/Frameworks/libswiftCoreImage.dylib'>'>
2018-05-06 14:06:15 +0000  Skipping stripping extended attributes of item: <IDEDistributionItem: 0x7faad77d2e60 'com.apple.dt.runtime.swiftDarwin' '<DVTFilePath:0x7faad64d4010:'/Users/istiaquechoudhury/Library/Developer/Xcode/Archives/2018-05-06/Vujon Indian Takeaway 06-05-2018, 15.05.xcarchive/Products/Applications/Vujon Indian Takeaway.app/Frameworks/libswiftDarwin.dylib'>'>
2018-05-06 14:06:15 +0000  Skipping stripping extended attributes of item: <IDEDistributionItem: 0x7faad9511970 'com.apple.dt.runtime.swiftDispatch' '<DVTFilePath:0x7faada21c100:'/Users/istiaquechoudhury/Library/Developer/Xcode/Archives/2018-05-06/Vujon Indian Takeaway 06-05-2018, 15.05.xcarchive/Products/Applications/Vujon Indian Takeaway.app/Frameworks/libswiftDispatch.dylib'>'>
2018-05-06 14:06:15 +0000  Skipping stripping extended attributes of item: <IDEDistributionItem: 0x7faada199b70 'com.apple.dt.runtime.swiftFoundation' '<DVTFilePath:0x7faada117d30:'/Users/istiaquechoudhury/Library/Developer/Xcode/Archives/2018-05-06/Vujon Indian Takeaway 06-05-2018, 15.05.xcarchive/Products/Applications/Vujon Indian Takeaway.app/Frameworks/libswiftFoundation.dylib'>'>
2018-05-06 14:06:15 +0000  Skipping stripping extended attributes of item: <IDEDistributionItem: 0x7faad7de4f00 'com.apple.dt.runtime.swiftMetal' '<DVTFilePath:0x7faada33f4d0:'/Users/istiaquechoudhury/Library/Developer/Xcode/Archives/2018-05-06/Vujon Indian Takeaway 06-05-2018, 15.05.xcarchive/Products/Applications/Vujon Indian Takeaway.app/Frameworks/libswiftMetal.dylib'>'>
2018-05-06 14:06:15 +0000  Skipping stripping extended attributes of item: <IDEDistributionItem: 0x7faad2a3a9c0 'com.apple.dt.runtime.swiftObjectiveC' '<DVTFilePath:0x7faad97620a0:'/Users/istiaquechoudhury/Library/Developer/Xcode/Archives/2018-05-06/Vujon Indian Takeaway 06-05-2018, 15.05.xcarchive/Products/Applications/Vujon Indian Takeaway.app/Frameworks/libswiftObjectiveC.dylib'>'>
2018-05-06 14:06:15 +0000  Skipping stripping extended attributes of item: <IDEDistributionItem: 0x7faada320240 'com.apple.dt.runtime.swiftQuartzCore' '<DVTFilePath:0x7faada495230:'/Users/istiaquechoudhury/Library/Developer/Xcode/Archives/2018-05-06/Vujon Indian Takeaway 06-05-2018, 15.05.xcarchive/Products/Applications/Vujon Indian Takeaway.app/Frameworks/libswiftQuartzCore.dylib'>'>
2018-05-06 14:06:15 +0000  Skipping stripping extended attributes of item: <IDEDistributionItem: 0x7faad778c070 'com.apple.dt.runtime.swiftUIKit' '<DVTFilePath:0x7faad774f280:'/Users/istiaquechoudhury/Library/Developer/Xcode/Archives/2018-05-06/Vujon Indian Takeaway 06-05-2018, 15.05.xcarchive/Products/Applications/Vujon Indian Takeaway.app/Frameworks/libswiftUIKit.dylib'>'>
2018-05-06 14:06:15 +0000  Skipping stripping extended attributes of item: <IDEDistributionItem: 0x7faad96d30c0 'com.apple.dt.runtime.swiftos' '<DVTFilePath:0x7faada409370:'/Users/istiaquechoudhury/Library/Developer/Xcode/Archives/2018-05-06/Vujon Indian Takeaway 06-05-2018, 15.05.xcarchive/Products/Applications/Vujon Indian Takeaway.app/Frameworks/libswiftos.dylib'>'>
2018-05-06 14:06:15 +0000  Running /usr/bin/xattr '-crs' '/var/folders/v3/zhz1gpr11999xcnbs7dszcph0000gn/T/XcodeDistPipeline.hDk/Root/Payload/Vujon Indian Takeaway.app'
2018-05-06 14:06:16 +0000  
2018-05-06 14:06:16 +0000  2018-05-06 14:06:16 +0000  /usr/bin/xattr exited with 0

2018-05-06 14:06:16 +0000  2018-05-06 14:06:16 +0000  Processing step: IDEDistributionCodesignStep

2018-05-06 14:06:16 +0000  Entitlements for <IDEDistributionItem: 0x7faada4f22b0 'com.apple.dt.runtime.swiftCore' '<DVTFilePath:0x7faad9794ed0:'/Users/istiaquechoudhury/Library/Developer/Xcode/Archives/2018-05-06/Vujon Indian Takeaway 06-05-2018, 15.05.xcarchive/Products/Applications/Vujon Indian Takeaway.app/Frameworks/libswiftCore.dylib'>'>: {
}
2018-05-06 14:06:16 +0000  Writing entitlements for <IDEDistributionItem: 0x7faada4f22b0 'com.apple.dt.runtime.swiftCore' '<DVTFilePath:0x7faad9794ed0:'/Users/istiaquechoudhury/Library/Developer/Xcode/Archives/2018-05-06/Vujon Indian Takeaway 06-05-2018, 15.05.xcarchive/Products/Applications/Vujon Indian Takeaway.app/Frameworks/libswiftCore.dylib'>'> to: /var/folders/v3/zhz1gpr11999xcnbs7dszcph0000gn/T/XcodeDistPipeline.hDk/entitlements599v7x
2018-05-06 14:06:16 +0000  Running /usr/bin/codesign '-vvv' '--force' '--sign' '8BA878CACDB955B8CBD038CE18328FF688F37ADE' '--preserve-metadata=identifier,flags' '--entitlements' '/var/folders/v3/zhz1gpr11999xcnbs7dszcph0000gn/T/XcodeDistPipeline.hDk/entitlements599v7x' '/var/folders/v3/zhz1gpr11999xcnbs7dszcph0000gn/T/XcodeDistPipeline.hDk/Root/Payload/Vujon Indian Takeaway.app/Frameworks/libswiftCore.dylib'
2018-05-06 14:06:16 +0000  /var/folders/v3/zhz1gpr11999xcnbs7dszcph0000gn/T/XcodeDistPipeline.hDk/Root/Payload/Vujon Indian Takeaway.app/Frameworks/libswiftCore.dylib: replacing existing signature
2018-05-06 14:06:18 +0000  /var/folders/v3/zhz1gpr11999xcnbs7dszcph0000gn/T/XcodeDistPipeline.hDk/Root/Payload/Vujon Indian Takeaway.app/Frameworks/libswiftCore.dylib: signed Mach-O universal (armv7 armv7s arm64) [com.apple.dt.runtime.swiftCore]
2018-05-06 14:06:18 +0000  
2018-05-06 14:06:18 +0000  
2018-05-06 14:06:18 +0000  /usr/bin/codesign exited with 02018-05-06 14:06:18 +0000  

2018-05-06 14:06:18 +0000  
2018-05-06 14:06:18 +0000  Entitlements for <IDEDistributionItem: 0x7faada1a1750 'com.apple.dt.runtime.swiftCoreFoundation' '<DVTFilePath:0x7faada19ce90:'/Users/istiaquechoudhury/Library/Developer/Xcode/Archives/2018-05-06/Vujon Indian Takeaway 06-05-2018, 15.05.xcarchive/Products/Applications/Vujon Indian Takeaway.app/Frameworks/libswiftCoreFoundation.dylib'>'>: {
}
2018-05-06 14:06:18 +0000  Writing entitlements for <IDEDistributionItem: 0x7faada1a1750 'com.apple.dt.runtime.swiftCoreFoundation' '<DVTFilePath:0x7faada19ce90:'/Users/istiaquechoudhury/Library/Developer/Xcode/Archives/2018-05-06/Vujon Indian Takeaway 06-05-2018, 15.05.xcarchive/Products/Applications/Vujon Indian Takeaway.app/Frameworks/libswiftCoreFoundation.dylib'>'> to: /var/folders/v3/zhz1gpr11999xcnbs7dszcph0000gn/T/XcodeDistPipeline.hDk/entitlementsLLIbVI
2018-05-06 14:06:18 +0000  Running /usr/bin/codesign '-vvv' '--force' '--sign' '8BA878CACDB955B8CBD038CE18328FF688F37ADE' '--preserve-metadata=identifier,flags' '--entitlements' '/var/folders/v3/zhz1gpr11999xcnbs7dszcph0000gn/T/XcodeDistPipeline.hDk/entitlementsLLIbVI' '/var/folders/v3/zhz1gpr11999xcnbs7dszcph0000gn/T/XcodeDistPipeline.hDk/Root/Payload/Vujon Indian Takeaway.app/Frameworks/libswiftCoreFoundation.dylib'
2018-05-06 14:06:18 +0000  /var/folders/v3/zhz1gpr11999xcnbs7dszcph0000gn/T/XcodeDistPipeline.hDk/Root/Payload/Vujon Indian Takeaway.app/Frameworks/libswiftCoreFoundation.dylib: replacing existing signature
2018-05-06 14:06:18 +0000  /var/folders/v3/zhz1gpr11999xcnbs7dszcph0000gn/T/XcodeDistPipeline.hDk/Root/Payload/Vujon Indian Takeaway.app/Frameworks/libswiftCoreFoundation.dylib: signed Mach-O universal (armv7 armv7s arm64) [com.apple.dt.runtime.swiftCoreFoundation]
2018-05-06 14:06:18 +0000  
2018-05-06 14:06:18 +0000  2018-05-06 14:06:18 +0000  /usr/bin/codesign exited with 0

2018-05-06 14:06:18 +0000  
2018-05-06 14:06:18 +0000  Entitlements for <IDEDistributionItem: 0x7faada4d6760 'com.apple.dt.runtime.swiftCoreGraphics' '<DVTFilePath:0x7faad96d1e90:'/Users/istiaquechoudhury/Library/Developer/Xcode/Archives/2018-05-06/Vujon Indian Takeaway 06-05-2018, 15.05.xcarchive/Products/Applications/Vujon Indian Takeaway.app/Frameworks/libswiftCoreGraphics.dylib'>'>: {
}
2018-05-06 14:06:18 +0000  Writing entitlements for <IDEDistributionItem: 0x7faada4d6760 'com.apple.dt.runtime.swiftCoreGraphics' '<DVTFilePath:0x7faad96d1e90:'/Users/istiaquechoudhury/Library/Developer/Xcode/Archives/2018-05-06/Vujon Indian Takeaway 06-05-2018, 15.05.xcarchive/Products/Applications/Vujon Indian Takeaway.app/Frameworks/libswiftCoreGraphics.dylib'>'> to: /var/folders/v3/zhz1gpr11999xcnbs7dszcph0000gn/T/XcodeDistPipeline.hDk/entitlementsBs96zl
2018-05-06 14:06:18 +0000  Running /usr/bin/codesign '-vvv' '--force' '--sign' '8BA878CACDB955B8CBD038CE18328FF688F37ADE' '--preserve-metadata=identifier,flags' '--entitlements' '/var/folders/v3/zhz1gpr11999xcnbs7dszcph0000gn/T/XcodeDistPipeline.hDk/entitlementsBs96zl' '/var/folders/v3/zhz1gpr11999xcnbs7dszcph0000gn/T/XcodeDistPipeline.hDk/Root/Payload/Vujon Indian Takeaway.app/Frameworks/libswiftCoreGraphics.dylib'
2018-05-06 14:06:18 +0000  /var/folders/v3/zhz1gpr11999xcnbs7dszcph0000gn/T/XcodeDistPipeline.hDk/Root/Payload/Vujon Indian Takeaway.app/Frameworks/libswiftCoreGraphics.dylib: replacing existing signature
2018-05-06 14:06:18 +0000  /var/folders/v3/zhz1gpr11999xcnbs7dszcph0000gn/T/XcodeDistPipeline.hDk/Root/Payload/Vujon Indian Takeaway.app/Frameworks/libswiftCoreGraphics.dylib: signed Mach-O universal (armv7 armv7s arm64) [com.apple.dt.runtime.swiftCoreGraphics]
2018-05-06 14:06:18 +0000  
2018-05-06 14:06:18 +0000  2018-05-06 14:06:18 +0000  /usr/bin/codesign exited with 0

2018-05-06 14:06:18 +0000  
2018-05-06 14:06:18 +0000  Entitlements for <IDEDistributionItem: 0x7faada4e2b60 'com.apple.dt.runtime.swiftCoreImage' '<DVTFilePath:0x7faad7616850:'/Users/istiaquechoudhury/Library/Developer/Xcode/Archives/2018-05-06/Vujon Indian Takeaway 06-05-2018, 15.05.xcarchive/Products/Applications/Vujon Indian Takeaway.app/Frameworks/libswiftCoreImage.dylib'>'>: {
}
2018-05-06 14:06:18 +0000  Writing entitlements for <IDEDistributionItem: 0x7faada4e2b60 'com.apple.dt.runtime.swiftCoreImage' '<DVTFilePath:0x7faad7616850:'/Users/istiaquechoudhury/Library/Developer/Xcode/Archives/2018-05-06/Vujon Indian Takeaway 06-05-2018, 15.05.xcarchive/Products/Applications/Vujon Indian Takeaway.app/Frameworks/libswiftCoreImage.dylib'>'> to: /var/folders/v3/zhz1gpr11999xcnbs7dszcph0000gn/T/XcodeDistPipeline.hDk/entitlementstxYMxT
2018-05-06 14:06:18 +0000  Running /usr/bin/codesign '-vvv' '--force' '--sign' '8BA878CACDB955B8CBD038CE18328FF688F37ADE' '--preserve-metadata=identifier,flags' '--entitlements' '/var/folders/v3/zhz1gpr11999xcnbs7dszcph0000gn/T/XcodeDistPipeline.hDk/entitlementstxYMxT' '/var/folders/v3/zhz1gpr11999xcnbs7dszcph0000gn/T/XcodeDistPipeline.hDk/Root/Payload/Vujon Indian Takeaway.app/Frameworks/libswiftCoreImage.dylib'
2018-05-06 14:06:18 +0000  /var/folders/v3/zhz1gpr11999xcnbs7dszcph0000gn/T/XcodeDistPipeline.hDk/Root/Payload/Vujon Indian Takeaway.app/Frameworks/libswiftCoreImage.dylib: replacing existing signature
2018-05-06 14:06:18 +0000  /var/folders/v3/zhz1gpr11999xcnbs7dszcph0000gn/T/XcodeDistPipeline.hDk/Root/Payload/Vujon Indian Takeaway.app/Frameworks/libswiftCoreImage.dylib: signed Mach-O universal (armv7 armv7s arm64) [com.apple.dt.runtime.swiftCoreImage]
2018-05-06 14:06:18 +0000  
2018-05-06 14:06:18 +0000  2018-05-06 14:06:18 +0000  /usr/bin/codesign exited with 0

2018-05-06 14:06:18 +0000  
2018-05-06 14:06:18 +0000  Entitlements for <IDEDistributionItem: 0x7faad77d2e60 'com.apple.dt.runtime.swiftDarwin' '<DVTFilePath:0x7faad64d4010:'/Users/istiaquechoudhury/Library/Developer/Xcode/Archives/2018-05-06/Vujon Indian Takeaway 06-05-2018, 15.05.xcarchive/Products/Applications/Vujon Indian Takeaway.app/Frameworks/libswiftDarwin.dylib'>'>: {
}
2018-05-06 14:06:18 +0000  Writing entitlements for <IDEDistributionItem: 0x7faad77d2e60 'com.apple.dt.runtime.swiftDarwin' '<DVTFilePath:0x7faad64d4010:'/Users/istiaquechoudhury/Library/Developer/Xcode/Archives/2018-05-06/Vujon Indian Takeaway 06-05-2018, 15.05.xcarchive/Products/Applications/Vujon Indian Takeaway.app/Frameworks/libswiftDarwin.dylib'>'> to: /var/folders/v3/zhz1gpr11999xcnbs7dszcph0000gn/T/XcodeDistPipeline.hDk/entitlementszeNQ2Z
2018-05-06 14:06:18 +0000  Running /usr/bin/codesign '-vvv' '--force' '--sign' '8BA878CACDB955B8CBD038CE18328FF688F37ADE' '--preserve-metadata=identifier,flags' '--entitlements' '/var/folders/v3/zhz1gpr11999xcnbs7dszcph0000gn/T/XcodeDistPipeline.hDk/entitlementszeNQ2Z' '/var/folders/v3/zhz1gpr11999xcnbs7dszcph0000gn/T/XcodeDistPipeline.hDk/Root/Payload/Vujon Indian Takeaway.app/Frameworks/libswiftDarwin.dylib'
2018-05-06 14:06:18 +0000  /var/folders/v3/zhz1gpr11999xcnbs7dszcph0000gn/T/XcodeDistPipeline.hDk/Root/Payload/Vujon Indian Takeaway.app/Frameworks/libswiftDarwin.dylib: replacing existing signature
2018-05-06 14:06:18 +0000  /var/folders/v3/zhz1gpr11999xcnbs7dszcph0000gn/T/XcodeDistPipeline.hDk/Root/Payload/Vujon Indian Takeaway.app/Frameworks/libswiftDarwin.dylib: signed Mach-O universal (armv7 armv7s arm64) [com.apple.dt.runtime.swiftDarwin]
2018-05-06 14:06:18 +0000  
2018-05-06 14:06:18 +0000  2018-05-06 14:06:18 +0000  /usr/bin/codesign exited with 0

2018-05-06 14:06:18 +0000  
2018-05-06 14:06:18 +0000  Entitlements for <IDEDistributionItem: 0x7faad9511970 'com.apple.dt.runtime.swiftDispatch' '<DVTFilePath:0x7faada21c100:'/Users/istiaquechoudhury/Library/Developer/Xcode/Archives/2018-05-06/Vujon Indian Takeaway 06-05-2018, 15.05.xcarchive/Products/Applications/Vujon Indian Takeaway.app/Frameworks/libswiftDispatch.dylib'>'>: {
}
2018-05-06 14:06:18 +0000  Writing entitlements for <IDEDistributionItem: 0x7faad9511970 'com.apple.dt.runtime.swiftDispatch' '<DVTFilePath:0x7faada21c100:'/Users/istiaquechoudhury/Library/Developer/Xcode/Archives/2018-05-06/Vujon Indian Takeaway 06-05-2018, 15.05.xcarchive/Products/Applications/Vujon Indian Takeaway.app/Frameworks/libswiftDispatch.dylib'>'> to: /var/folders/v3/zhz1gpr11999xcnbs7dszcph0000gn/T/XcodeDistPipeline.hDk/entitlementszko9qX
2018-05-06 14:06:18 +0000  Running /usr/bin/codesign '-vvv' '--force' '--sign' '8BA878CACDB955B8CBD038CE18328FF688F37ADE' '--preserve-metadata=identifier,flags' '--entitlements' '/var/folders/v3/zhz1gpr11999xcnbs7dszcph0000gn/T/XcodeDistPipeline.hDk/entitlementszko9qX' '/var/folders/v3/zhz1gpr11999xcnbs7dszcph0000gn/T/XcodeDistPipeline.hDk/Root/Payload/Vujon Indian Takeaway.app/Frameworks/libswiftDispatch.dylib'
2018-05-06 14:06:18 +0000  /var/folders/v3/zhz1gpr11999xcnbs7dszcph0000gn/T/XcodeDistPipeline.hDk/Root/Payload/Vujon Indian Takeaway.app/Frameworks/libswiftDispatch.dylib: replacing existing signature
2018-05-06 14:06:19 +0000  /var/folders/v3/zhz1gpr11999xcnbs7dszcph0000gn/T/XcodeDistPipeline.hDk/Root/Payload/Vujon Indian Takeaway.app/Frameworks/libswiftDispatch.dylib: signed Mach-O universal (armv7 armv7s arm64) [com.apple.dt.runtime.swiftDispatch]
2018-05-06 14:06:19 +0000  
2018-05-06 14:06:19 +0000  2018-05-06 14:06:19 +0000  /usr/bin/codesign exited with 0

2018-05-06 14:06:19 +0000  
2018-05-06 14:06:19 +0000  
2018-05-06 14:06:19 +0000  Entitlements for <IDEDistributionItem: 0x7faada199b70 'com.apple.dt.runtime.swiftFoundation' '<DVTFilePath:0x7faada117d30:'/Users/istiaquechoudhury/Library/Developer/Xcode/Archives/2018-05-06/Vujon Indian Takeaway 06-05-2018, 15.05.xcarchive/Products/Applications/Vujon Indian Takeaway.app/Frameworks/libswiftFoundation.dylib'>'>: {
}
2018-05-06 14:06:19 +0000  Writing entitlements for <IDEDistributionItem: 0x7faada199b70 'com.apple.dt.runtime.swiftFoundation' '<DVTFilePath:0x7faada117d30:'/Users/istiaquechoudhury/Library/Developer/Xcode/Archives/2018-05-06/Vujon Indian Takeaway 06-05-2018, 15.05.xcarchive/Products/Applications/Vujon Indian Takeaway.app/Frameworks/libswiftFoundation.dylib'>'> to: /var/folders/v3/zhz1gpr11999xcnbs7dszcph0000gn/T/XcodeDistPipeline.hDk/entitlementsQkM3DX
2018-05-06 14:06:19 +0000  Running /usr/bin/codesign '-vvv' '--force' '--sign' '8BA878CACDB955B8CBD038CE18328FF688F37ADE' '--preserve-metadata=identifier,flags' '--entitlements' '/var/folders/v3/zhz1gpr11999xcnbs7dszcph0000gn/T/XcodeDistPipeline.hDk/entitlementsQkM3DX' '/var/folders/v3/zhz1gpr11999xcnbs7dszcph0000gn/T/XcodeDistPipeline.hDk/Root/Payload/Vujon Indian Takeaway.app/Frameworks/libswiftFoundation.dylib'
2018-05-06 14:06:19 +0000  /var/folders/v3/zhz1gpr11999xcnbs7dszcph0000gn/T/XcodeDistPipeline.hDk/Root/Payload/Vujon Indian Takeaway.app/Frameworks/libswiftFoundation.dylib: replacing existing signature
2018-05-06 14:06:19 +0000  /var/folders/v3/zhz1gpr11999xcnbs7dszcph0000gn/T/XcodeDistPipeline.hDk/Root/Payload/Vujon Indian Takeaway.app/Frameworks/libswiftFoundation.dylib: signed Mach-O universal (armv7 armv7s arm64) [com.apple.dt.runtime.swiftFoundation]
2018-05-06 14:06:19 +0000  
2018-05-06 14:06:19 +0000  2018-05-06 14:06:19 +0000  /usr/bin/codesign exited with 0

2018-05-06 14:06:19 +0000  
2018-05-06 14:06:19 +0000  Entitlements for <IDEDistributionItem: 0x7faad7de4f00 'com.apple.dt.runtime.swiftMetal' '<DVTFilePath:0x7faada33f4d0:'/Users/istiaquechoudhury/Library/Developer/Xcode/Archives/2018-05-06/Vujon Indian Takeaway 06-05-2018, 15.05.xcarchive/Products/Applications/Vujon Indian Takeaway.app/Frameworks/libswiftMetal.dylib'>'>: {
}
2018-05-06 14:06:19 +0000  Writing entitlements for <IDEDistributionItem: 0x7faad7de4f00 'com.apple.dt.runtime.swiftMetal' '<DVTFilePath:0x7faada33f4d0:'/Users/istiaquechoudhury/Library/Developer/Xcode/Archives/2018-05-06/Vujon Indian Takeaway 06-05-2018, 15.05.xcarchive/Products/Applications/Vujon Indian Takeaway.app/Frameworks/libswiftMetal.dylib'>'> to: /var/folders/v3/zhz1gpr11999xcnbs7dszcph0000gn/T/XcodeDistPipeline.hDk/entitlementsQS4JMJ
2018-05-06 14:06:19 +0000  Running /usr/bin/codesign '-vvv' '--force' '--sign' '8BA878CACDB955B8CBD038CE18328FF688F37ADE' '--preserve-metadata=identifier,flags' '--entitlements' '/var/folders/v3/zhz1gpr11999xcnbs7dszcph0000gn/T/XcodeDistPipeline.hDk/entitlementsQS4JMJ' '/var/folders/v3/zhz1gpr11999xcnbs7dszcph0000gn/T/XcodeDistPipeline.hDk/Root/Payload/Vujon Indian Takeaway.app/Frameworks/libswiftMetal.dylib'
2018-05-06 14:06:19 +0000  /var/folders/v3/zhz1gpr11999xcnbs7dszcph0000gn/T/XcodeDistPipeline.hDk/Root/Payload/Vujon Indian Takeaway.app/Frameworks/libswiftMetal.dylib: replacing existing signature
2018-05-06 14:06:20 +0000  /var/folders/v3/zhz1gpr11999xcnbs7dszcph0000gn/T/XcodeDistPipeline.hDk/Root/Payload/Vujon Indian Takeaway.app/Frameworks/libswiftMetal.dylib: signed Mach-O universal (armv7 armv7s arm64) [com.apple.dt.runtime.swiftMetal]
2018-05-06 14:06:20 +0000  
2018-05-06 14:06:20 +0000  2018-05-06 14:06:20 +0000  /usr/bin/codesign exited with 0

2018-05-06 14:06:20 +0000  
2018-05-06 14:06:20 +0000  
2018-05-06 14:06:20 +0000  Entitlements for <IDEDistributionItem: 0x7faad2a3a9c0 'com.apple.dt.runtime.swiftObjectiveC' '<DVTFilePath:0x7faad97620a0:'/Users/istiaquechoudhury/Library/Developer/Xcode/Archives/2018-05-06/Vujon Indian Takeaway 06-05-2018, 15.05.xcarchive/Products/Applications/Vujon Indian Takeaway.app/Frameworks/libswiftObjectiveC.dylib'>'>: {
}
2018-05-06 14:06:20 +0000  Writing entitlements for <IDEDistributionItem: 0x7faad2a3a9c0 'com.apple.dt.runtime.swiftObjectiveC' '<DVTFilePath:0x7faad97620a0:'/Users/istiaquechoudhury/Library/Developer/Xcode/Archives/2018-05-06/Vujon Indian Takeaway 06-05-2018, 15.05.xcarchive/Products/Applications/Vujon Indian Takeaway.app/Frameworks/libswiftObjectiveC.dylib'>'> to: /var/folders/v3/zhz1gpr11999xcnbs7dszcph0000gn/T/XcodeDistPipeline.hDk/entitlementsm0JY7k
2018-05-06 14:06:20 +0000  Running /usr/bin/codesign '-vvv' '--force' '--sign' '8BA878CACDB955B8CBD038CE18328FF688F37ADE' '--preserve-metadata=identifier,flags' '--entitlements' '/var/folders/v3/zhz1gpr11999xcnbs7dszcph0000gn/T/XcodeDistPipeline.hDk/entitlementsm0JY7k' '/var/folders/v3/zhz1gpr11999xcnbs7dszcph0000gn/T/XcodeDistPipeline.hDk/Root/Payload/Vujon Indian Takeaway.app/Frameworks/libswiftObjectiveC.dylib'
2018-05-06 14:06:20 +0000  /var/folders/v3/zhz1gpr11999xcnbs7dszcph0000gn/T/XcodeDistPipeline.hDk/Root/Payload/Vujon Indian Takeaway.app/Frameworks/libswiftObjectiveC.dylib: replacing existing signature
2018-05-06 14:06:20 +0000  /var/folders/v3/zhz1gpr11999xcnbs7dszcph0000gn/T/XcodeDistPipeline.hDk/Root/Payload/Vujon Indian Takeaway.app/Frameworks/libswiftObjectiveC.dylib: signed Mach-O universal (armv7 armv7s arm64) [com.apple.dt.runtime.swiftObjectiveC]
2018-05-06 14:06:20 +0000  
2018-05-06 14:06:20 +0000  2018-05-06 14:06:20 +0000  /usr/bin/codesign exited with 0

2018-05-06 14:06:20 +0000  
2018-05-06 14:06:20 +0000  Entitlements for <IDEDistributionItem: 0x7faada320240 'com.apple.dt.runtime.swiftQuartzCore' '<DVTFilePath:0x7faada495230:'/Users/istiaquechoudhury/Library/Developer/Xcode/Archives/2018-05-06/Vujon Indian Takeaway 06-05-2018, 15.05.xcarchive/Products/Applications/Vujon Indian Takeaway.app/Frameworks/libswiftQuartzCore.dylib'>'>: {
}
2018-05-06 14:06:20 +0000  Writing entitlements for <IDEDistributionItem: 0x7faada320240 'com.apple.dt.runtime.swiftQuartzCore' '<DVTFilePath:0x7faada495230:'/Users/istiaquechoudhury/Library/Developer/Xcode/Archives/2018-05-06/Vujon Indian Takeaway 06-05-2018, 15.05.xcarchive/Products/Applications/Vujon Indian Takeaway.app/Frameworks/libswiftQuartzCore.dylib'>'> to: /var/folders/v3/zhz1gpr11999xcnbs7dszcph0000gn/T/XcodeDistPipeline.hDk/entitlements8DA4SK
2018-05-06 14:06:20 +0000  Running /usr/bin/codesign '-vvv' '--force' '--sign' '8BA878CACDB955B8CBD038CE18328FF688F37ADE' '--preserve-metadata=identifier,flags' '--entitlements' '/var/folders/v3/zhz1gpr11999xcnbs7dszcph0000gn/T/XcodeDistPipeline.hDk/entitlements8DA4SK' '/var/folders/v3/zhz1gpr11999xcnbs7dszcph0000gn/T/XcodeDistPipeline.hDk/Root/Payload/Vujon Indian Takeaway.app/Frameworks/libswiftQuartzCore.dylib'
2018-05-06 14:06:20 +0000  /var/folders/v3/zhz1gpr11999xcnbs7dszcph0000gn/T/XcodeDistPipeline.hDk/Root/Payload/Vujon Indian Takeaway.app/Frameworks/libswiftQuartzCore.dylib: replacing existing signature
2018-05-06 14:06:20 +0000  /var/folders/v3/zhz1gpr11999xcnbs7dszcph0000gn/T/XcodeDistPipeline.hDk/Root/Payload/Vujon Indian Takeaway.app/Frameworks/libswiftQuartzCore.dylib: signed Mach-O universal (armv7 armv7s arm64) [com.apple.dt.runtime.swiftQuartzCore]
2018-05-06 14:06:20 +0000  
2018-05-06 14:06:20 +0000  
2018-05-06 14:06:20 +0000  /usr/bin/codesign exited with 0
2018-05-06 14:06:20 +0000  2018-05-06 14:06:20 +0000  

2018-05-06 14:06:20 +0000  Entitlements for <IDEDistributionItem: 0x7faad778c070 'com.apple.dt.runtime.swiftUIKit' '<DVTFilePath:0x7faad774f280:'/Users/istiaquechoudhury/Library/Developer/Xcode/Archives/2018-05-06/Vujon Indian Takeaway 06-05-2018, 15.05.xcarchive/Products/Applications/Vujon Indian Takeaway.app/Frameworks/libswiftUIKit.dylib'>'>: {
}
2018-05-06 14:06:20 +0000  Writing entitlements for <IDEDistributionItem: 0x7faad778c070 'com.apple.dt.runtime.swiftUIKit' '<DVTFilePath:0x7faad774f280:'/Users/istiaquechoudhury/Library/Developer/Xcode/Archives/2018-05-06/Vujon Indian Takeaway 06-05-2018, 15.05.xcarchive/Products/Applications/Vujon Indian Takeaway.app/Frameworks/libswiftUIKit.dylib'>'> to: /var/folders/v3/zhz1gpr11999xcnbs7dszcph0000gn/T/XcodeDistPipeline.hDk/entitlementsamOpBs
2018-05-06 14:06:20 +0000  Running /usr/bin/codesign '-vvv' '--force' '--sign' '8BA878CACDB955B8CBD038CE18328FF688F37ADE' '--preserve-metadata=identifier,flags' '--entitlements' '/var/folders/v3/zhz1gpr11999xcnbs7dszcph0000gn/T/XcodeDistPipeline.hDk/entitlementsamOpBs' '/var/folders/v3/zhz1gpr11999xcnbs7dszcph0000gn/T/XcodeDistPipeline.hDk/Root/Payload/Vujon Indian Takeaway.app/Frameworks/libswiftUIKit.dylib'
2018-05-06 14:06:20 +0000  /var/folders/v3/zhz1gpr11999xcnbs7dszcph0000gn/T/XcodeDistPipeline.hDk/Root/Payload/Vujon Indian Takeaway.app/Frameworks/libswiftUIKit.dylib: replacing existing signature
2018-05-06 14:06:20 +0000  /var/folders/v3/zhz1gpr11999xcnbs7dszcph0000gn/T/XcodeDistPipeline.hDk/Root/Payload/Vujon Indian Takeaway.app/Frameworks/libswiftUIKit.dylib: signed Mach-O universal (armv7 armv7s arm64) [com.apple.dt.runtime.swiftUIKit]
2018-05-06 14:06:20 +0000  
2018-05-06 14:06:20 +0000  2018-05-06 14:06:20 +0000  /usr/bin/codesign exited with 0

2018-05-06 14:06:20 +0000  
2018-05-06 14:06:20 +0000  Entitlements for <IDEDistributionItem: 0x7faad96d30c0 'com.apple.dt.runtime.swiftos' '<DVTFilePath:0x7faada409370:'/Users/istiaquechoudhury/Library/Developer/Xcode/Archives/2018-05-06/Vujon Indian Takeaway 06-05-2018, 15.05.xcarchive/Products/Applications/Vujon Indian Takeaway.app/Frameworks/libswiftos.dylib'>'>: {
}
2018-05-06 14:06:20 +0000  Writing entitlements for <IDEDistributionItem: 0x7faad96d30c0 'com.apple.dt.runtime.swiftos' '<DVTFilePath:0x7faada409370:'/Users/istiaquechoudhury/Library/Developer/Xcode/Archives/2018-05-06/Vujon Indian Takeaway 06-05-2018, 15.05.xcarchive/Products/Applications/Vujon Indian Takeaway.app/Frameworks/libswiftos.dylib'>'> to: /var/folders/v3/zhz1gpr11999xcnbs7dszcph0000gn/T/XcodeDistPipeline.hDk/entitlements5ewUjX
2018-05-06 14:06:20 +0000  Running /usr/bin/codesign '-vvv' '--force' '--sign' '8BA878CACDB955B8CBD038CE18328FF688F37ADE' '--preserve-metadata=identifier,flags' '--entitlements' '/var/folders/v3/zhz1gpr11999xcnbs7dszcph0000gn/T/XcodeDistPipeline.hDk/entitlements5ewUjX' '/var/folders/v3/zhz1gpr11999xcnbs7dszcph0000gn/T/XcodeDistPipeline.hDk/Root/Payload/Vujon Indian Takeaway.app/Frameworks/libswiftos.dylib'
2018-05-06 14:06:20 +0000  /var/folders/v3/zhz1gpr11999xcnbs7dszcph0000gn/T/XcodeDistPipeline.hDk/Root/Payload/Vujon Indian Takeaway.app/Frameworks/libswiftos.dylib: replacing existing signature
2018-05-06 14:06:20 +0000  /var/folders/v3/zhz1gpr11999xcnbs7dszcph0000gn/T/XcodeDistPipeline.hDk/Root/Payload/Vujon Indian Takeaway.app/Frameworks/libswiftos.dylib: signed Mach-O universal (armv7 armv7s arm64) [com.apple.dt.runtime.swiftos]
2018-05-06 14:06:20 +0000  
2018-05-06 14:06:20 +0000  2018-05-06 14:06:20 +0000  /usr/bin/codesign exited with 0

2018-05-06 14:06:20 +0000  
2018-05-06 14:06:20 +0000  Entitlements for <IDEDistributionItem: 0x7faad92e9fa0 'nanosoft.vujon.takeaway' '<DVTFilePath:0x7faad90e2dc0:'/Users/istiaquechoudhury/Library/Developer/Xcode/Archives/2018-05-06/Vujon Indian Takeaway 06-05-2018, 15.05.xcarchive/Products/Applications/Vujon Indian Takeaway.app'>'>: {
    "application-identifier" = "276VJ8KHTM.nanosoft.vujon.takeaway";
    "beta-reports-active" = 1;
    "com.apple.developer.team-identifier" = 276VJ8KHTM;
    "get-task-allow" = 0;
    "keychain-access-groups" =     (
        "276VJ8KHTM.nanosoft.vujon.takeaway"
    );
}
2018-05-06 14:06:20 +0000  Writing entitlements for <IDEDistributionItem: 0x7faad92e9fa0 'nanosoft.vujon.takeaway' '<DVTFilePath:0x7faad90e2dc0:'/Users/istiaquechoudhury/Library/Developer/Xcode/Archives/2018-05-06/Vujon Indian Takeaway 06-05-2018, 15.05.xcarchive/Products/Applications/Vujon Indian Takeaway.app'>'> to: /var/folders/v3/zhz1gpr11999xcnbs7dszcph0000gn/T/XcodeDistPipeline.hDk/entitlements3wZF0C
2018-05-06 14:06:20 +0000  Running /usr/bin/codesign '-vvv' '--force' '--sign' '8BA878CACDB955B8CBD038CE18328FF688F37ADE' '--preserve-metadata=identifier,flags' '--entitlements' '/var/folders/v3/zhz1gpr11999xcnbs7dszcph0000gn/T/XcodeDistPipeline.hDk/entitlements3wZF0C' '/var/folders/v3/zhz1gpr11999xcnbs7dszcph0000gn/T/XcodeDistPipeline.hDk/Root/Payload/Vujon Indian Takeaway.app'
2018-05-06 14:06:21 +0000  /var/folders/v3/zhz1gpr11999xcnbs7dszcph0000gn/T/XcodeDistPipeline.hDk/Root/Payload/Vujon Indian Takeaway.app: signed app bundle with Mach-O thin (arm64) [nanosoft.vujon.takeaway]
2018-05-06 14:06:21 +0000  
2018-05-06 14:06:21 +0000  2018-05-06 14:06:21 +0000  /usr/bin/codesign exited with 0

2018-05-06 14:06:21 +0000  
2018-05-06 14:06:21 +0000  Processing step: IDEDistributionStreamingZipItemStep
2018-05-06 14:06:21 +0000  Skipping step: IDEDistributionStreamingZipItemStep because it said so
2018-05-06 14:06:21 +0000  Skipping step: IDEDistributionStreamingZipItemStep because it said so
2018-05-06 14:06:21 +0000  Skipping step: IDEDistributionStreamingZipItemStep because it said so
2018-05-06 14:06:21 +0000  Skipping step: IDEDistributionStreamingZipItemStep because it said so
2018-05-06 14:06:21 +0000  Skipping step: IDEDistributionStreamingZipItemStep because it said so
2018-05-06 14:06:21 +0000  Skipping step: IDEDistributionStreamingZipItemStep because it said so
2018-05-06 14:06:21 +0000  Skipping step: IDEDistributionStreamingZipItemStep because it said so
2018-05-06 14:06:21 +0000  Skipping step: IDEDistributionStreamingZipItemStep because it said so
2018-05-06 14:06:21 +0000  Skipping step: IDEDistributionStreamingZipItemStep because it said so
2018-05-06 14:06:21 +0000  Skipping step: IDEDistributionStreamingZipItemStep because it said so
2018-05-06 14:06:21 +0000  Skipping step: IDEDistributionStreamingZipItemStep because it said so
2018-05-06 14:06:21 +0000  Skipping step: IDEDistributionStreamingZipItemStep because it said so
2018-05-06 14:06:21 +0000  Skipping step: IDEDistributionStreamingZipItemStep because it said so
2018-05-06 14:06:21 +0000  Processing step: IDEDistributionCreateIPAStep
2018-05-06 14:06:21 +0000  Running /usr/bin/rsync '-8aPhhE' '/var/folders/v3/zhz1gpr11999xcnbs7dszcph0000gn/T/XcodeDistPipeline.hDk/Symbols' '--link-dest' '/var/folders/v3/zhz1gpr11999xcnbs7dszcph0000gn/T/XcodeDistPipeline.hDk' '/var/folders/v3/zhz1gpr11999xcnbs7dszcph0000gn/T/XcodeDistPipeline.hDk/Root'
2018-05-06 14:06:21 +0000  building file list ... 
2018-05-06 14:06:21 +0000   0 files...2018-05-06 14:06:21 +0000  37 files to consider
2018-05-06 14:06:21 +0000  Symbols/
2018-05-06 14:06:21 +0000  
sent 1.99K bytes  received 26 bytes  4.03K bytes/sec
2018-05-06 14:06:21 +0000  
2018-05-06 14:06:21 +0000  total size is 15.28M  speedup is 7770.12
2018-05-06 14:06:21 +0000  /usr/bin/rsync exited with 02018-05-06 14:06:21 +0000  

2018-05-06 14:06:21 +0000  
2018-05-06 14:06:21 +0000  Running /usr/bin/ditto '-V' '-c' '-k' '--norsrc' '/var/folders/v3/zhz1gpr11999xcnbs7dszcph0000gn/T/XcodeDistPipeline.hDk/Root' '/var/folders/v3/zhz1gpr11999xcnbs7dszcph0000gn/T/XcodeDistPipeline.hDk/Packages/Vujon Indian Takeaway.ipa'
2018-05-06 14:06:21 +0000  >>> Copying /var/folders/v3/zhz1gpr11999xcnbs7dszcph0000gn/T/XcodeDistPipeline.hDk/Root 
2018-05-06 14:06:21 +0000  copying file ./BCSymbolMaps/4C97170E-CDFB-3977-8763-615FAA5AE293.bcsymbolmap ... 
2018-05-06 14:06:21 +0000  14306 bytes for ./BCSymbolMaps/4C97170E-CDFB-3977-8763-615FAA5AE293.bcsymbolmap
2018-05-06 14:06:21 +0000  copying file ./Payload/Vujon Indian Takeaway.app/_CodeSignature/CodeResources ... 
2018-05-06 14:06:21 +0000  9199 bytes for ./Payload/Vujon Indian Takeaway.app/_CodeSignature/CodeResources
2018-05-06 14:06:21 +0000  copying file ./Payload/Vujon Indian Takeaway.app/AppIcon60x60@2x.png ... 
2018-05-06 14:06:21 +0000  8489 bytes for ./Payload/Vujon Indian Takeaway.app/AppIcon60x60@2x.png
copying file ./Payload/Vujon Indian Takeaway.app/AppIcon76x76@2x~ipad.png ... 
2018-05-06 14:06:21 +0000  10498 bytes for ./Payload/Vujon Indian Takeaway.app/AppIcon76x76@2x~ipad.png
copying file ./Payload/Vujon Indian Takeaway.app/Assets.car ... 
2018-05-06 14:06:21 +0000  444008 bytes for ./Payload/Vujon Indian Takeaway.app/Assets.car
2018-05-06 14:06:21 +0000  copying file ./Payload/Vujon Indian Takeaway.app/Base.lproj/LaunchScreen.storyboardc/01J-lp-oVM-view-Ze5-6b-2t3.nib ... 
1136 bytes for ./Payload/Vujon Indian Takeaway.app/Base.lproj/LaunchScreen.storyboardc/01J-lp-oVM-view-Ze5-6b-2t3.nib
copying file ./Payload/Vujon Indian Takeaway.app/Base.lproj/LaunchScreen.storyboardc/Info.plist ... 
2018-05-06 14:06:21 +0000  258 bytes for ./Payload/Vujon Indian Takeaway.app/Base.lproj/LaunchScreen.storyboardc/Info.plist
copying file ./Payload/Vujon Indian Takeaway.app/Base.lproj/LaunchScreen.storyboardc/UIViewController-01J-lp-oVM.nib ... 
2018-05-06 14:06:21 +0000  832 bytes for ./Payload/Vujon Indian Takeaway.app/Base.lproj/LaunchScreen.storyboardc/UIViewController-01J-lp-oVM.nib
copying file ./Payload/Vujon Indian Takeaway.app/Base.lproj/Main.storyboardc/Info.plist ... 
264 bytes for ./Payload/Vujon Indian Takeaway.app/Base.lproj/Main.storyboardc/Info.plist
copying file ./Payload/Vujon Indian Takeaway.app/Base.lproj/Main.storyboardc/UITabBarController-8II-Me-zRk.nib ... 
2220 bytes for ./Payload/Vujon Indian Takeaway.app/Base.lproj/Main.storyboardc/UITabBarController-8II-Me-zRk.nib
copying file ./Payload/Vujon Indian Takeaway.app/embedded.mobileprovision ... 
2018-05-06 14:06:21 +0000  7512 bytes for ./Payload/Vujon Indian Takeaway.app/embedded.mobileprovision
copying file ./Payload/Vujon Indian Takeaway.app/Frameworks/libswiftCore.dylib ... 
2018-05-06 14:06:23 +0000  66629936 bytes for ./Payload/Vujon Indian Takeaway.app/Frameworks/libswiftCore.dylib
copying file ./Payload/Vujon Indian Takeaway.app/Frameworks/libswiftCoreFoundation.dylib ... 
2018-05-06 14:06:23 +0000  258096 bytes for ./Payload/Vujon Indian Takeaway.app/Frameworks/libswiftCoreFoundation.dylib
copying file ./Payload/Vujon Indian Takeaway.app/Frameworks/libswiftCoreGraphics.dylib ... 
2018-05-06 14:06:24 +0000  1628912 bytes for ./Payload/Vujon Indian Takeaway.app/Frameworks/libswiftCoreGraphics.dylib
copying file ./Payload/Vujon Indian Takeaway.app/Frameworks/libswiftCoreImage.dylib ... 
2018-05-06 14:06:24 +0000  307984 bytes for ./Payload/Vujon Indian Takeaway.app/Frameworks/libswiftCoreImage.dylib
copying file ./Payload/Vujon Indian Takeaway.app/Frameworks/libswiftDarwin.dylib ... 
2018-05-06 14:06:24 +0000  839088 bytes for ./Payload/Vujon Indian Takeaway.app/Frameworks/libswiftDarwin.dylib
copying file ./Payload/Vujon Indian Takeaway.app/Frameworks/libswiftDispatch.dylib ... 
2018-05-06 14:06:24 +0000  2722656 bytes for ./Payload/Vujon Indian Takeaway.app/Frameworks/libswiftDispatch.dylib
2018-05-06 14:06:24 +0000  copying file ./Payload/Vujon Indian Takeaway.app/Frameworks/libswiftFoundation.dylib ... 
2018-05-06 14:06:25 +0000  30131744 bytes for ./Payload/Vujon Indian Takeaway.app/Frameworks/libswiftFoundation.dylib
copying file ./Payload/Vujon Indian Takeaway.app/Frameworks/libswiftMetal.dylib ... 
2018-05-06 14:06:25 +0000  449248 bytes for ./Payload/Vujon Indian Takeaway.app/Frameworks/libswiftMetal.dylib
copying file ./Payload/Vujon Indian Takeaway.app/Frameworks/libswiftObjectiveC.dylib ... 
2018-05-06 14:06:25 +0000  554448 bytes for ./Payload/Vujon Indian Takeaway.app/Frameworks/libswiftObjectiveC.dylib
2018-05-06 14:06:25 +0000  copying file ./Payload/Vujon Indian Takeaway.app/Frameworks/libswiftos.dylib ... 
2018-05-06 14:06:25 +0000  497504 bytes for ./Payload/Vujon Indian Takeaway.app/Frameworks/libswiftos.dylib
copying file ./Payload/Vujon Indian Takeaway.app/Frameworks/libswiftQuartzCore.dylib ... 
2018-05-06 14:06:25 +0000  310976 bytes for ./Payload/Vujon Indian Takeaway.app/Frameworks/libswiftQuartzCore.dylib
2018-05-06 14:06:25 +0000  copying file ./Payload/Vujon Indian Takeaway.app/Frameworks/libswiftUIKit.dylib ... 
2018-05-06 14:06:25 +0000  1043376 bytes for ./Payload/Vujon Indian Takeaway.app/Frameworks/libswiftUIKit.dylib
2018-05-06 14:06:25 +0000  copying file ./Payload/Vujon Indian Takeaway.app/Info.plist ... 
1372 bytes for ./Payload/Vujon Indian Takeaway.app/Info.plist
copying file ./Payload/Vujon Indian Takeaway.app/PkgInfo ... 
8 bytes for ./Payload/Vujon Indian Takeaway.app/PkgInfo
copying file ./Payload/Vujon Indian Takeaway.app/Vujon Indian Takeaway ... 
2018-05-06 14:06:25 +0000  129872 bytes for ./Payload/Vujon Indian Takeaway.app/Vujon Indian Takeaway
2018-05-06 14:06:25 +0000  copying file ./SwiftSupport/iphoneos/libswiftCore.dylib ... 
2018-05-06 14:06:28 +0000  66629456 bytes for ./SwiftSupport/iphoneos/libswiftCore.dylib
copying file ./SwiftSupport/iphoneos/libswiftCoreFoundation.dylib ... 
2018-05-06 14:06:28 +0000  257616 bytes for ./SwiftSupport/iphoneos/libswiftCoreFoundation.dylib
copying file ./SwiftSupport/iphoneos/libswiftCoreGraphics.dylib ... 
2018-05-06 14:06:28 +0000  1628432 bytes for ./SwiftSupport/iphoneos/libswiftCoreGraphics.dylib
copying file ./SwiftSupport/iphoneos/libswiftCoreImage.dylib ... 
2018-05-06 14:06:28 +0000  307520 bytes for ./SwiftSupport/iphoneos/libswiftCoreImage.dylib
2018-05-06 14:06:28 +0000  copying file ./SwiftSupport/iphoneos/libswiftDarwin.dylib ... 
2018-05-06 14:06:28 +0000  838608 bytes for ./SwiftSupport/iphoneos/libswiftDarwin.dylib
copying file ./SwiftSupport/iphoneos/libswiftDispatch.dylib ... 
2018-05-06 14:06:28 +0000  2722176 bytes for ./SwiftSupport/iphoneos/libswiftDispatch.dylib
copying file ./SwiftSupport/iphoneos/libswiftFoundation.dylib ... 
2018-05-06 14:06:30 +0000  30131264 bytes for ./SwiftSupport/iphoneos/libswiftFoundation.dylib
copying file ./SwiftSupport/iphoneos/libswiftMetal.dylib ... 
2018-05-06 14:06:30 +0000  448768 bytes for ./SwiftSupport/iphoneos/libswiftMetal.dylib
copying file ./SwiftSupport/iphoneos/libswiftObjectiveC.dylib ... 
2018-05-06 14:06:30 +0000  553984 bytes for ./SwiftSupport/iphoneos/libswiftObjectiveC.dylib
copying file ./SwiftSupport/iphoneos/libswiftos.dylib ... 
2018-05-06 14:06:30 +0000  497040 bytes for ./SwiftSupport/iphoneos/libswiftos.dylib
copying file ./SwiftSupport/iphoneos/libswiftQuartzCore.dylib ... 
2018-05-06 14:06:30 +0000  310496 bytes for ./SwiftSupport/iphoneos/libswiftQuartzCore.dylib
copying file ./SwiftSupport/iphoneos/libswiftUIKit.dylib ... 
2018-05-06 14:06:30 +0000  1042912 bytes for ./SwiftSupport/iphoneos/libswiftUIKit.dylib
2018-05-06 14:06:30 +0000  copying file ./Symbols/1194F495-00EA-38CB-BCBA-E0EF1A3B0D14.symbols ... 
2018-05-06 14:06:30 +0000  60000 bytes for ./Symbols/1194F495-00EA-38CB-BCBA-E0EF1A3B0D14.symbols
copying file ./Symbols/31302350-F2A9-398B-9DB7-89AF41C9F6C8.symbols ... 
2018-05-06 14:06:30 +0000  12760 bytes for ./Symbols/31302350-F2A9-398B-9DB7-89AF41C9F6C8.symbols
copying file ./Symbols/39002AAF-2C42-3487-80AB-6EBA82C171E1.symbols ... 
2018-05-06 14:06:30 +0000  1504856 bytes for ./Symbols/39002AAF-2C42-3487-80AB-6EBA82C171E1.symbols
copying file ./Symbols/39B93A13-DBC8-3E0C-A1B3-35FABA5480B1.symbols ... 
2018-05-06 14:06:30 +0000  2728 bytes for ./Symbols/39B93A13-DBC8-3E0C-A1B3-35FABA5480B1.symbols
copying file ./Symbols/3A18E7ED-93D3-385A-968F-4EB382A46370.symbols ... 
2018-05-06 14:06:30 +0000  103176 bytes for ./Symbols/3A18E7ED-93D3-385A-968F-4EB382A46370.symbols
copying file ./Symbols/3DB343D4-7102-3B33-8565-DF200CC0197E.symbols ... 
2018-05-06 14:06:30 +0000  3329432 bytes for ./Symbols/3DB343D4-7102-3B33-8565-DF200CC0197E.symbols
copying file ./Symbols/402FD36F-3025-37FF-93CD-C58DCA7ED35D.symbols ... 
2018-05-06 14:06:30 +0000  13120 bytes for ./Symbols/402FD36F-3025-37FF-93CD-C58DCA7ED35D.symbols
copying file ./Symbols/51BCAE24-E868-3046-B714-A4DC8AD58AE4.symbols ... 
103104 bytes for ./Symbols/51BCAE24-E868-3046-B714-A4DC8AD58AE4.symbols
copying file ./Symbols/52EBEF45-5DF1-317D-8310-F05CEE9ED74D.symbols ... 
2018-05-06 14:06:30 +0000  13208 bytes for ./Symbols/52EBEF45-5DF1-317D-8310-F05CEE9ED74D.symbols
copying file ./Symbols/5C914A0C-CE08-38DE-8250-E6896D037E6A.symbols ... 
2018-05-06 14:06:30 +0000  12952 bytes for ./Symbols/5C914A0C-CE08-38DE-8250-E6896D037E6A.symbols
copying file ./Symbols/6E35C3D1-15C2-316C-87B3-DDA8AF5F1D72.symbols ... 
2018-05-06 14:06:30 +0000  43960 bytes for ./Symbols/6E35C3D1-15C2-316C-87B3-DDA8AF5F1D72.symbols
copying file ./Symbols/81F66E04-BAB1-33FE-B336-9B4162A68AFC.symbols ... 
2018-05-06 14:06:30 +0000  2472 bytes for ./Symbols/81F66E04-BAB1-33FE-B336-9B4162A68AFC.symbols
copying file ./Symbols/823D89E9-5018-3004-B07A-8385380D65C7.symbols ... 
2018-05-06 14:06:30 +0000  6592 bytes for ./Symbols/823D89E9-5018-3004-B07A-8385380D65C7.symbols
copying file ./Symbols/83D74E0A-99F2-3658-A591-F4ABBD60C578.symbols ... 
2018-05-06 14:06:30 +0000  44536 bytes for ./Symbols/83D74E0A-99F2-3658-A591-F4ABBD60C578.symbols
2018-05-06 14:06:30 +0000  copying file ./Symbols/844914D5-7322-3A0B-95E1-1B380BE9D18B.symbols ... 
2018-05-06 14:06:30 +0000  1510736 bytes for ./Symbols/844914D5-7322-3A0B-95E1-1B380BE9D18B.symbols
copying file ./Symbols/84C6189D-14AC-327A-AD00-F813181D2BD1.symbols ... 
2018-05-06 14:06:30 +0000  3347936 bytes for ./Symbols/84C6189D-14AC-327A-AD00-F813181D2BD1.symbols
copying file ./Symbols/8AEF7D3A-C8E4-3618-A204-14353E0A88FB.symbols ... 
2018-05-06 14:06:30 +0000  2728 bytes for ./Symbols/8AEF7D3A-C8E4-3618-A204-14353E0A88FB.symbols
copying file ./Symbols/8ED77568-C9ED-3229-BA7A-6B0D92719402.symbols ... 
2018-05-06 14:06:30 +0000  21592 bytes for ./Symbols/8ED77568-C9ED-3229-BA7A-6B0D92719402.symbols
copying file ./Symbols/901FAE5E-9E96-37BC-B743-01B3B63E235D.symbols ... 
2018-05-06 14:06:30 +0000  21552 bytes for ./Symbols/901FAE5E-9E96-37BC-B743-01B3B63E235D.symbols
copying file ./Symbols/93D62379-9897-3127-BFD3-526BB4013E5F.symbols ... 
2018-05-06 14:06:30 +0000  12952 bytes for ./Symbols/93D62379-9897-3127-BFD3-526BB4013E5F.symbols
copying file ./Symbols/9433FC53-F726-30DC-8C53-851703DD440B.symbols ... 
2018-05-06 14:06:30 +0000  2816 bytes for ./Symbols/9433FC53-F726-30DC-8C53-851703DD440B.symbols
copying file ./Symbols/966DDD4D-8A03-3041-9D42-A37268354104.symbols ... 
2018-05-06 14:06:30 +0000  6928 bytes for ./Symbols/966DDD4D-8A03-3041-9D42-A37268354104.symbols
copying file ./Symbols/99FE325C-BA6F-32B8-80AF-4F65D3411517.symbols ... 
2018-05-06 14:06:30 +0000  3348520 bytes for ./Symbols/99FE325C-BA6F-32B8-80AF-4F65D3411517.symbols
copying file ./Symbols/9B2B8FE3-E073-3684-A26F-B8CBB8A7C9AE.symbols ... 
2018-05-06 14:06:30 +0000  60328 bytes for ./Symbols/9B2B8FE3-E073-3684-A26F-B8CBB8A7C9AE.symbols
copying file ./Symbols/9E1FC0B9-5A61-3A1D-98D5-BAC795B97779.symbols ... 
2018-05-06 14:06:30 +0000  223712 bytes for ./Symbols/9E1FC0B9-5A61-3A1D-98D5-BAC795B97779.symbols
copying file ./Symbols/A8918F61-41B8-31F7-8310-248489B980D5.symbols ... 
2018-05-06 14:06:30 +0000  44536 bytes for ./Symbols/A8918F61-41B8-31F7-8310-248489B980D5.symbols
copying file ./Symbols/B6FA4187-E4D5-3312-9FAC-8A7793454110.symbols ... 
2018-05-06 14:06:30 +0000  223640 bytes for ./Symbols/B6FA4187-E4D5-3312-9FAC-8A7793454110.symbols
copying file ./Symbols/CA49E7B9-407C-3436-9E71-1BD96983265C.symbols ... 
2018-05-06 14:06:30 +0000  2368 bytes for ./Symbols/CA49E7B9-407C-3436-9E71-1BD96983265C.symbols
copying file ./Symbols/CACBF3AE-8ABB-362C-B85E-1BFC5879DDF8.symbols ... 
2018-05-06 14:06:30 +0000  21552 bytes for ./Symbols/CACBF3AE-8ABB-362C-B85E-1BFC5879DDF8.symbols
copying file ./Symbols/DBD251FE-2608-3963-A0A0-D8A86EB64E0C.symbols ... 
2018-05-06 14:06:30 +0000  13208 bytes for ./Symbols/DBD251FE-2608-3963-A0A0-D8A86EB64E0C.symbols
copying file ./Symbols/DCFD7479-6F7F-3200-AF77-BF3EBA498355.symbols ... 
2018-05-06 14:06:30 +0000  2368 bytes for ./Symbols/DCFD7479-6F7F-3200-AF77-BF3EBA498355.symbols
copying file ./Symbols/E3FAAA76-0D12-35BA-92BA-2D22987F0638.symbols ... 
2018-05-06 14:06:30 +0000  6592 bytes for ./Symbols/E3FAAA76-0D12-35BA-92BA-2D22987F0638.symbols
copying file ./Symbols/E82A7F82-30CF-326A-B53A-424CF8E39570.symbols ... 
2018-05-06 14:06:30 +0000  221720 bytes for ./Symbols/E82A7F82-30CF-326A-B53A-424CF8E39570.symbols
copying file ./Symbols/ED0A87D8-337C-3482-8319-4442A2EC42BF.symbols ... 
2018-05-06 14:06:30 +0000  1510592 bytes for ./Symbols/ED0A87D8-337C-3482-8319-4442A2EC42BF.symbols
copying file ./Symbols/F1F2287F-B515-3A28-BEEA-12EC2D547BF8.symbols ... 
2018-05-06 14:06:30 +0000  102384 bytes for ./Symbols/F1F2287F-B515-3A28-BEEA-12EC2D547BF8.symbols
copying file ./Symbols/F8DBDC31-7EB7-3A35-AC52-2490830DDBD4.symbols ... 
2018-05-06 14:06:30 +0000  60328 bytes for ./Symbols/F8DBDC31-7EB7-3A35-AC52-2490830DDBD4.symbols
2018-05-06 14:06:30 +0000  
2018-05-06 14:06:30 +0000  2018-05-06 14:06:30 +0000  /usr/bin/ditto exited with 0

2018-05-06 14:06:30 +0000  
2018-05-06 14:06:30 +0000  Processing step: IDEDistributionCreateManifestStep
2018-05-06 14:06:30 +0000  Skipping step: IDEDistributionCreateManifestStep because it said so
